mode: atomic
github.com/pravega/pravega-operator/pkg/apis/pravega/v1alpha1/status.go:92.33,99.47 2 0
github.com/pravega/pravega-operator/pkg/apis/pravega/v1alpha1/status.go:108.2,108.57 1 0
github.com/pravega/pravega-operator/pkg/apis/pravega/v1alpha1/status.go:99.47,100.78 1 0
github.com/pravega/pravega-operator/pkg/apis/pravega/v1alpha1/status.go:100.78,103.4 2 0
github.com/pravega/pravega-operator/pkg/apis/pravega/v1alpha1/status.go:108.57,110.3 1 0
github.com/pravega/pravega-operator/pkg/apis/pravega/v1alpha1/status.go:113.54,116.2 2 3
github.com/pravega/pravega-operator/pkg/apis/pravega/v1alpha1/status.go:118.55,121.2 2 3
github.com/pravega/pravega-operator/pkg/apis/pravega/v1alpha1/status.go:123.76,126.2 2 0
github.com/pravega/pravega-operator/pkg/apis/pravega/v1alpha1/status.go:128.55,131.2 2 0
github.com/pravega/pravega-operator/pkg/apis/pravega/v1alpha1/status.go:133.72,136.2 2 0
github.com/pravega/pravega-operator/pkg/apis/pravega/v1alpha1/status.go:138.51,141.2 2 0
github.com/pravega/pravega-operator/pkg/apis/pravega/v1alpha1/status.go:143.75,146.2 2 0
github.com/pravega/pravega-operator/pkg/apis/pravega/v1alpha1/status.go:147.54,150.2 2 0
github.com/pravega/pravega-operator/pkg/apis/pravega/v1alpha1/status.go:152.130,161.2 1 6
github.com/pravega/pravega-operator/pkg/apis/pravega/v1alpha1/status.go:163.95,164.34 1 10
github.com/pravega/pravega-operator/pkg/apis/pravega/v1alpha1/status.go:169.2,169.16 1 3
github.com/pravega/pravega-operator/pkg/apis/pravega/v1alpha1/status.go:164.34,165.18 1 7
github.com/pravega/pravega-operator/pkg/apis/pravega/v1alpha1/status.go:165.18,167.4 1 7
github.com/pravega/pravega-operator/pkg/apis/pravega/v1alpha1/status.go:172.77,176.30 3 6
github.com/pravega/pravega-operator/pkg/apis/pravega/v1alpha1/status.go:181.2,181.53 1 3
github.com/pravega/pravega-operator/pkg/apis/pravega/v1alpha1/status.go:187.2,187.106 1 3
github.com/pravega/pravega-operator/pkg/apis/pravega/v1alpha1/status.go:193.2,193.46 1 3
github.com/pravega/pravega-operator/pkg/apis/pravega/v1alpha1/status.go:176.30,179.3 2 3
github.com/pravega/pravega-operator/pkg/apis/pravega/v1alpha1/status.go:181.53,185.3 3 3
github.com/pravega/pravega-operator/pkg/apis/pravega/v1alpha1/status.go:187.106,191.3 3 0
github.com/pravega/pravega-operator/pkg/apis/pravega/v1alpha1/status.go:196.62,198.62 2 0
github.com/pravega/pravega-operator/pkg/apis/pravega/v1alpha1/status.go:198.62,201.3 2 0
github.com/pravega/pravega-operator/pkg/apis/pravega/v1alpha1/status.go:204.68,207.2 2 0
github.com/pravega/pravega-operator/pkg/apis/pravega/v1alpha1/status.go:209.55,211.76 2 0
github.com/pravega/pravega-operator/pkg/apis/pravega/v1alpha1/status.go:214.2,214.14 1 0
github.com/pravega/pravega-operator/pkg/apis/pravega/v1alpha1/status.go:211.76,213.3 1 0
github.com/pravega/pravega-operator/pkg/apis/pravega/v1alpha1/status.go:217.63,219.27 2 0
github.com/pravega/pravega-operator/pkg/apis/pravega/v1alpha1/status.go:222.2,222.95 1 0
github.com/pravega/pravega-operator/pkg/apis/pravega/v1alpha1/status.go:225.2,225.14 1 0
github.com/pravega/pravega-operator/pkg/apis/pravega/v1alpha1/status.go:219.27,221.3 1 0
github.com/pravega/pravega-operator/pkg/apis/pravega/v1alpha1/status.go:222.95,224.3 1 0
github.com/pravega/pravega-operator/pkg/apis/pravega/v1alpha1/status.go:228.73,229.73 1 0
github.com/pravega/pravega-operator/pkg/apis/pravega/v1alpha1/status.go:232.2,232.14 1 0
github.com/pravega/pravega-operator/pkg/apis/pravega/v1alpha1/status.go:229.73,231.3 1 0
github.com/pravega/pravega-operator/pkg/apis/pravega/v1alpha1/status.go:235.58,237.30 2 0
github.com/pravega/pravega-operator/pkg/apis/pravega/v1alpha1/status.go:240.2,240.54 1 0
github.com/pravega/pravega-operator/pkg/apis/pravega/v1alpha1/status.go:243.2,243.14 1 0
github.com/pravega/pravega-operator/pkg/apis/pravega/v1alpha1/status.go:237.30,239.3 1 0
github.com/pravega/pravega-operator/pkg/apis/pravega/v1alpha1/status.go:240.54,242.3 1 0
github.com/pravega/pravega-operator/pkg/apis/pravega/v1alpha1/status.go:246.59,248.29 2 0
github.com/pravega/pravega-operator/pkg/apis/pravega/v1alpha1/status.go:251.2,251.53 1 0
github.com/pravega/pravega-operator/pkg/apis/pravega/v1alpha1/status.go:254.2,254.14 1 0
github.com/pravega/pravega-operator/pkg/apis/pravega/v1alpha1/status.go:248.29,250.3 1 0
github.com/pravega/pravega-operator/pkg/apis/pravega/v1alpha1/status.go:251.53,253.3 1 0
github.com/pravega/pravega-operator/pkg/apis/pravega/v1alpha1/status.go:257.64,259.27 2 0
github.com/pravega/pravega-operator/pkg/apis/pravega/v1alpha1/status.go:262.2,262.96 1 0
github.com/pravega/pravega-operator/pkg/apis/pravega/v1alpha1/status.go:265.2,265.14 1 0
github.com/pravega/pravega-operator/pkg/apis/pravega/v1alpha1/status.go:259.27,261.3 1 0
github.com/pravega/pravega-operator/pkg/apis/pravega/v1alpha1/status.go:262.96,264.3 1 0
github.com/pravega/pravega-operator/pkg/apis/pravega/v1alpha1/status.go:268.55,270.76 2 0
github.com/pravega/pravega-operator/pkg/apis/pravega/v1alpha1/status.go:273.2,273.14 1 0
github.com/pravega/pravega-operator/pkg/apis/pravega/v1alpha1/status.go:270.76,272.3 1 0
github.com/pravega/pravega-operator/pkg/apis/pravega/v1alpha1/status.go:276.73,277.36 1 0
github.com/pravega/pravega-operator/pkg/apis/pravega/v1alpha1/status.go:277.36,280.3 1 0
github.com/pravega/pravega-operator/pkg/apis/pravega/v1alpha1/status.go:280.8,282.3 1 0
github.com/pravega/pravega-operator/pkg/apis/pravega/v1alpha1/status.go:285.79,286.36 1 0
github.com/pravega/pravega-operator/pkg/apis/pravega/v1alpha1/status.go:294.2,294.12 1 0
github.com/pravega/pravega-operator/pkg/apis/pravega/v1alpha1/status.go:286.36,289.3 2 0
github.com/pravega/pravega-operator/pkg/apis/pravega/v1alpha1/status.go:289.8,289.42 1 0
github.com/pravega/pravega-operator/pkg/apis/pravega/v1alpha1/status.go:289.42,292.3 2 0
github.com/pravega/pravega-operator/pkg/apis/pravega/v1alpha1/zz_generated.deepcopy.go:29.81,32.2 2 0
github.com/pravega/pravega-operator/pkg/apis/pravega/v1alpha1/zz_generated.deepcopy.go:35.74,36.15 1 0
github.com/pravega/pravega-operator/pkg/apis/pravega/v1alpha1/zz_generated.deepcopy.go:39.2,41.12 3 0
github.com/pravega/pravega-operator/pkg/apis/pravega/v1alpha1/zz_generated.deepcopy.go:36.15,38.3 1 0
github.com/pravega/pravega-operator/pkg/apis/pravega/v1alpha1/zz_generated.deepcopy.go:45.71,49.2 3 0
github.com/pravega/pravega-operator/pkg/apis/pravega/v1alpha1/zz_generated.deepcopy.go:52.64,53.15 1 0
github.com/pravega/pravega-operator/pkg/apis/pravega/v1alpha1/zz_generated.deepcopy.go:56.2,58.12 3 0
github.com/pravega/pravega-operator/pkg/apis/pravega/v1alpha1/zz_generated.deepcopy.go:53.15,55.3 1 0
github.com/pravega/pravega-operator/pkg/apis/pravega/v1alpha1/zz_generated.deepcopy.go:62.73,64.26 2 0
github.com/pravega/pravega-operator/pkg/apis/pravega/v1alpha1/zz_generated.deepcopy.go:69.2,69.22 1 0
github.com/pravega/pravega-operator/pkg/apis/pravega/v1alpha1/zz_generated.deepcopy.go:74.2,74.29 1 0
github.com/pravega/pravega-operator/pkg/apis/pravega/v1alpha1/zz_generated.deepcopy.go:79.2,79.25 1 0
github.com/pravega/pravega-operator/pkg/apis/pravega/v1alpha1/zz_generated.deepcopy.go:84.2,84.8 1 0
github.com/pravega/pravega-operator/pkg/apis/pravega/v1alpha1/zz_generated.deepcopy.go:64.26,68.3 3 0
github.com/pravega/pravega-operator/pkg/apis/pravega/v1alpha1/zz_generated.deepcopy.go:69.22,73.3 3 0
github.com/pravega/pravega-operator/pkg/apis/pravega/v1alpha1/zz_generated.deepcopy.go:74.29,78.3 3 0
github.com/pravega/pravega-operator/pkg/apis/pravega/v1alpha1/zz_generated.deepcopy.go:79.25,83.3 3 0
github.com/pravega/pravega-operator/pkg/apis/pravega/v1alpha1/zz_generated.deepcopy.go:88.66,89.15 1 0
github.com/pravega/pravega-operator/pkg/apis/pravega/v1alpha1/zz_generated.deepcopy.go:92.2,94.12 3 0
github.com/pravega/pravega-operator/pkg/apis/pravega/v1alpha1/zz_generated.deepcopy.go:89.15,91.3 1 0
github.com/pravega/pravega-operator/pkg/apis/pravega/v1alpha1/zz_generated.deepcopy.go:98.61,100.21 2 0
github.com/pravega/pravega-operator/pkg/apis/pravega/v1alpha1/zz_generated.deepcopy.go:105.2,105.23 1 0
github.com/pravega/pravega-operator/pkg/apis/pravega/v1alpha1/zz_generated.deepcopy.go:110.2,110.28 1 0
github.com/pravega/pravega-operator/pkg/apis/pravega/v1alpha1/zz_generated.deepcopy.go:115.2,115.25 1 0
github.com/pravega/pravega-operator/pkg/apis/pravega/v1alpha1/zz_generated.deepcopy.go:120.2,120.23 1 0
github.com/pravega/pravega-operator/pkg/apis/pravega/v1alpha1/zz_generated.deepcopy.go:127.2,127.36 1 0
github.com/pravega/pravega-operator/pkg/apis/pravega/v1alpha1/zz_generated.deepcopy.go:132.2,132.8 1 0
github.com/pravega/pravega-operator/pkg/apis/pravega/v1alpha1/zz_generated.deepcopy.go:100.21,104.3 3 0
github.com/pravega/pravega-operator/pkg/apis/pravega/v1alpha1/zz_generated.deepcopy.go:105.23,109.3 3 0
github.com/pravega/pravega-operator/pkg/apis/pravega/v1alpha1/zz_generated.deepcopy.go:110.28,114.3 3 0
github.com/pravega/pravega-operator/pkg/apis/pravega/v1alpha1/zz_generated.deepcopy.go:115.25,119.3 3 0
github.com/pravega/pravega-operator/pkg/apis/pravega/v1alpha1/zz_generated.deepcopy.go:120.23,123.29 3 0
github.com/pravega/pravega-operator/pkg/apis/pravega/v1alpha1/zz_generated.deepcopy.go:123.29,125.4 1 0
github.com/pravega/pravega-operator/pkg/apis/pravega/v1alpha1/zz_generated.deepcopy.go:127.36,131.3 3 0
github.com/pravega/pravega-operator/pkg/apis/pravega/v1alpha1/zz_generated.deepcopy.go:136.54,137.15 1 0
github.com/pravega/pravega-operator/pkg/apis/pravega/v1alpha1/zz_generated.deepcopy.go:140.2,142.12 3 0
github.com/pravega/pravega-operator/pkg/apis/pravega/v1alpha1/zz_generated.deepcopy.go:137.15,139.3 1 0
github.com/pravega/pravega-operator/pkg/apis/pravega/v1alpha1/zz_generated.deepcopy.go:146.75,148.41 2 0
github.com/pravega/pravega-operator/pkg/apis/pravega/v1alpha1/zz_generated.deepcopy.go:153.2,153.42 1 0
github.com/pravega/pravega-operator/pkg/apis/pravega/v1alpha1/zz_generated.deepcopy.go:158.2,158.40 1 0
github.com/pravega/pravega-operator/pkg/apis/pravega/v1alpha1/zz_generated.deepcopy.go:163.2,163.8 1 0
github.com/pravega/pravega-operator/pkg/apis/pravega/v1alpha1/zz_generated.deepcopy.go:148.41,152.3 3 0
github.com/pravega/pravega-operator/pkg/apis/pravega/v1alpha1/zz_generated.deepcopy.go:153.42,157.3 3 0
github.com/pravega/pravega-operator/pkg/apis/pravega/v1alpha1/zz_generated.deepcopy.go:158.40,162.3 3 0
github.com/pravega/pravega-operator/pkg/apis/pravega/v1alpha1/zz_generated.deepcopy.go:167.68,168.15 1 0
github.com/pravega/pravega-operator/pkg/apis/pravega/v1alpha1/zz_generated.deepcopy.go:171.2,173.12 3 0
github.com/pravega/pravega-operator/pkg/apis/pravega/v1alpha1/zz_generated.deepcopy.go:168.15,170.3 1 0
github.com/pravega/pravega-operator/pkg/apis/pravega/v1alpha1/zz_generated.deepcopy.go:177.65,180.2 2 0
github.com/pravega/pravega-operator/pkg/apis/pravega/v1alpha1/zz_generated.deepcopy.go:183.58,184.15 1 0
github.com/pravega/pravega-operator/pkg/apis/pravega/v1alpha1/zz_generated.deepcopy.go:187.2,189.12 3 0
github.com/pravega/pravega-operator/pkg/apis/pravega/v1alpha1/zz_generated.deepcopy.go:184.15,186.3 1 0
github.com/pravega/pravega-operator/pkg/apis/pravega/v1alpha1/zz_generated.deepcopy.go:193.55,195.30 2 0
github.com/pravega/pravega-operator/pkg/apis/pravega/v1alpha1/zz_generated.deepcopy.go:200.2,200.19 1 0
github.com/pravega/pravega-operator/pkg/apis/pravega/v1alpha1/zz_generated.deepcopy.go:205.2,205.30 1 0
github.com/pravega/pravega-operator/pkg/apis/pravega/v1alpha1/zz_generated.deepcopy.go:210.2,210.26 1 0
github.com/pravega/pravega-operator/pkg/apis/pravega/v1alpha1/zz_generated.deepcopy.go:215.2,215.23 1 0
github.com/pravega/pravega-operator/pkg/apis/pravega/v1alpha1/zz_generated.deepcopy.go:220.2,220.8 1 0
github.com/pravega/pravega-operator/pkg/apis/pravega/v1alpha1/zz_generated.deepcopy.go:195.30,199.3 3 0
github.com/pravega/pravega-operator/pkg/apis/pravega/v1alpha1/zz_generated.deepcopy.go:200.19,204.3 3 0
github.com/pravega/pravega-operator/pkg/apis/pravega/v1alpha1/zz_generated.deepcopy.go:205.30,209.3 3 0
github.com/pravega/pravega-operator/pkg/apis/pravega/v1alpha1/zz_generated.deepcopy.go:210.26,214.3 3 0
github.com/pravega/pravega-operator/pkg/apis/pravega/v1alpha1/zz_generated.deepcopy.go:215.23,219.3 3 0
github.com/pravega/pravega-operator/pkg/apis/pravega/v1alpha1/zz_generated.deepcopy.go:224.48,225.15 1 0
github.com/pravega/pravega-operator/pkg/apis/pravega/v1alpha1/zz_generated.deepcopy.go:228.2,230.12 3 0
github.com/pravega/pravega-operator/pkg/apis/pravega/v1alpha1/zz_generated.deepcopy.go:225.15,227.3 1 0
github.com/pravega/pravega-operator/pkg/apis/pravega/v1alpha1/zz_generated.deepcopy.go:234.59,236.26 2 0
github.com/pravega/pravega-operator/pkg/apis/pravega/v1alpha1/zz_generated.deepcopy.go:241.2,242.8 2 0
github.com/pravega/pravega-operator/pkg/apis/pravega/v1alpha1/zz_generated.deepcopy.go:236.26,240.3 3 0
github.com/pravega/pravega-operator/pkg/apis/pravega/v1alpha1/zz_generated.deepcopy.go:246.52,247.15 1 0
github.com/pravega/pravega-operator/pkg/apis/pravega/v1alpha1/zz_generated.deepcopy.go:250.2,252.12 3 0
github.com/pravega/pravega-operator/pkg/apis/pravega/v1alpha1/zz_generated.deepcopy.go:247.15,249.3 1 0
github.com/pravega/pravega-operator/pkg/apis/pravega/v1alpha1/zz_generated.deepcopy.go:256.47,259.2 2 0
github.com/pravega/pravega-operator/pkg/apis/pravega/v1alpha1/zz_generated.deepcopy.go:262.40,263.15 1 0
github.com/pravega/pravega-operator/pkg/apis/pravega/v1alpha1/zz_generated.deepcopy.go:266.2,268.12 3 0
github.com/pravega/pravega-operator/pkg/apis/pravega/v1alpha1/zz_generated.deepcopy.go:263.15,265.3 1 0
github.com/pravega/pravega-operator/pkg/apis/pravega/v1alpha1/zz_generated.deepcopy.go:272.61,275.2 2 0
github.com/pravega/pravega-operator/pkg/apis/pravega/v1alpha1/zz_generated.deepcopy.go:278.54,279.15 1 0
github.com/pravega/pravega-operator/pkg/apis/pravega/v1alpha1/zz_generated.deepcopy.go:282.2,284.12 3 0
github.com/pravega/pravega-operator/pkg/apis/pravega/v1alpha1/zz_generated.deepcopy.go:279.15,281.3 1 0
github.com/pravega/pravega-operator/pkg/apis/pravega/v1alpha1/zz_generated.deepcopy.go:288.61,290.37 2 0
github.com/pravega/pravega-operator/pkg/apis/pravega/v1alpha1/zz_generated.deepcopy.go:295.2,295.8 1 0
github.com/pravega/pravega-operator/pkg/apis/pravega/v1alpha1/zz_generated.deepcopy.go:290.37,294.3 3 0
github.com/pravega/pravega-operator/pkg/apis/pravega/v1alpha1/zz_generated.deepcopy.go:299.54,300.15 1 0
github.com/pravega/pravega-operator/pkg/apis/pravega/v1alpha1/zz_generated.deepcopy.go:303.2,305.12 3 0
github.com/pravega/pravega-operator/pkg/apis/pravega/v1alpha1/zz_generated.deepcopy.go:300.15,302.3 1 0
github.com/pravega/pravega-operator/pkg/apis/pravega/v1alpha1/zz_generated.deepcopy.go:309.49,312.2 2 0
github.com/pravega/pravega-operator/pkg/apis/pravega/v1alpha1/zz_generated.deepcopy.go:315.42,316.15 1 0
github.com/pravega/pravega-operator/pkg/apis/pravega/v1alpha1/zz_generated.deepcopy.go:319.2,321.12 3 0
github.com/pravega/pravega-operator/pkg/apis/pravega/v1alpha1/zz_generated.deepcopy.go:316.15,318.3 1 0
github.com/pravega/pravega-operator/pkg/apis/pravega/v1alpha1/zz_generated.deepcopy.go:325.51,328.2 2 0
github.com/pravega/pravega-operator/pkg/apis/pravega/v1alpha1/zz_generated.deepcopy.go:331.44,332.15 1 0
github.com/pravega/pravega-operator/pkg/apis/pravega/v1alpha1/zz_generated.deepcopy.go:335.2,337.12 3 0
github.com/pravega/pravega-operator/pkg/apis/pravega/v1alpha1/zz_generated.deepcopy.go:332.15,334.3 1 0
github.com/pravega/pravega-operator/pkg/apis/pravega/v1alpha1/zz_generated.deepcopy.go:341.59,343.21 2 0
github.com/pravega/pravega-operator/pkg/apis/pravega/v1alpha1/zz_generated.deepcopy.go:348.2,348.23 1 0
github.com/pravega/pravega-operator/pkg/apis/pravega/v1alpha1/zz_generated.deepcopy.go:353.2,353.8 1 0
github.com/pravega/pravega-operator/pkg/apis/pravega/v1alpha1/zz_generated.deepcopy.go:343.21,347.3 3 0
github.com/pravega/pravega-operator/pkg/apis/pravega/v1alpha1/zz_generated.deepcopy.go:348.23,352.3 3 0
github.com/pravega/pravega-operator/pkg/apis/pravega/v1alpha1/zz_generated.deepcopy.go:357.52,358.15 1 0
github.com/pravega/pravega-operator/pkg/apis/pravega/v1alpha1/zz_generated.deepcopy.go:361.2,363.12 3 0
github.com/pravega/pravega-operator/pkg/apis/pravega/v1alpha1/zz_generated.deepcopy.go:358.15,360.3 1 0
github.com/pravega/pravega-operator/pkg/apis/pravega/v1alpha1/zz_generated.deepcopy.go:367.61,374.2 6 0
github.com/pravega/pravega-operator/pkg/apis/pravega/v1alpha1/zz_generated.deepcopy.go:377.54,378.15 1 0
github.com/pravega/pravega-operator/pkg/apis/pravega/v1alpha1/zz_generated.deepcopy.go:381.2,383.12 3 0
github.com/pravega/pravega-operator/pkg/apis/pravega/v1alpha1/zz_generated.deepcopy.go:378.15,380.3 1 0
github.com/pravega/pravega-operator/pkg/apis/pravega/v1alpha1/zz_generated.deepcopy.go:387.59,388.34 1 0
github.com/pravega/pravega-operator/pkg/apis/pravega/v1alpha1/zz_generated.deepcopy.go:391.2,391.12 1 0
github.com/pravega/pravega-operator/pkg/apis/pravega/v1alpha1/zz_generated.deepcopy.go:388.34,390.3 1 0
github.com/pravega/pravega-operator/pkg/apis/pravega/v1alpha1/zz_generated.deepcopy.go:395.69,399.21 4 0
github.com/pravega/pravega-operator/pkg/apis/pravega/v1alpha1/zz_generated.deepcopy.go:406.2,406.8 1 0
github.com/pravega/pravega-operator/pkg/apis/pravega/v1alpha1/zz_generated.deepcopy.go:399.21,402.22 3 0
github.com/pravega/pravega-operator/pkg/apis/pravega/v1alpha1/zz_generated.deepcopy.go:402.22,404.4 1 0
github.com/pravega/pravega-operator/pkg/apis/pravega/v1alpha1/zz_generated.deepcopy.go:410.62,411.15 1 0
github.com/pravega/pravega-operator/pkg/apis/pravega/v1alpha1/zz_generated.deepcopy.go:414.2,416.12 3 0
github.com/pravega/pravega-operator/pkg/apis/pravega/v1alpha1/zz_generated.deepcopy.go:411.15,413.3 1 0
github.com/pravega/pravega-operator/pkg/apis/pravega/v1alpha1/zz_generated.deepcopy.go:420.63,421.34 1 0
github.com/pravega/pravega-operator/pkg/apis/pravega/v1alpha1/zz_generated.deepcopy.go:424.2,424.12 1 0
github.com/pravega/pravega-operator/pkg/apis/pravega/v1alpha1/zz_generated.deepcopy.go:421.34,423.3 1 0
github.com/pravega/pravega-operator/pkg/apis/pravega/v1alpha1/zz_generated.deepcopy.go:428.65,432.2 3 0
github.com/pravega/pravega-operator/pkg/apis/pravega/v1alpha1/zz_generated.deepcopy.go:435.58,436.15 1 0
github.com/pravega/pravega-operator/pkg/apis/pravega/v1alpha1/zz_generated.deepcopy.go:439.2,441.12 3 0
github.com/pravega/pravega-operator/pkg/apis/pravega/v1alpha1/zz_generated.deepcopy.go:436.15,438.3 1 0
github.com/pravega/pravega-operator/pkg/apis/pravega/v1alpha1/zz_generated.deepcopy.go:445.55,447.21 2 0
github.com/pravega/pravega-operator/pkg/apis/pravega/v1alpha1/zz_generated.deepcopy.go:452.2,452.23 1 0
github.com/pravega/pravega-operator/pkg/apis/pravega/v1alpha1/zz_generated.deepcopy.go:459.2,459.36 1 0
github.com/pravega/pravega-operator/pkg/apis/pravega/v1alpha1/zz_generated.deepcopy.go:464.2,464.38 1 0
github.com/pravega/pravega-operator/pkg/apis/pravega/v1alpha1/zz_generated.deepcopy.go:469.2,469.40 1 0
github.com/pravega/pravega-operator/pkg/apis/pravega/v1alpha1/zz_generated.deepcopy.go:474.2,474.21 1 0
github.com/pravega/pravega-operator/pkg/apis/pravega/v1alpha1/zz_generated.deepcopy.go:479.2,479.35 1 0
github.com/pravega/pravega-operator/pkg/apis/pravega/v1alpha1/zz_generated.deepcopy.go:484.2,484.37 1 0
github.com/pravega/pravega-operator/pkg/apis/pravega/v1alpha1/zz_generated.deepcopy.go:489.2,489.44 1 0
github.com/pravega/pravega-operator/pkg/apis/pravega/v1alpha1/zz_generated.deepcopy.go:496.2,496.46 1 0
github.com/pravega/pravega-operator/pkg/apis/pravega/v1alpha1/zz_generated.deepcopy.go:503.2,503.8 1 0
github.com/pravega/pravega-operator/pkg/apis/pravega/v1alpha1/zz_generated.deepcopy.go:447.21,451.3 3 0
github.com/pravega/pravega-operator/pkg/apis/pravega/v1alpha1/zz_generated.deepcopy.go:452.23,455.29 3 0
github.com/pravega/pravega-operator/pkg/apis/pravega/v1alpha1/zz_generated.deepcopy.go:455.29,457.4 1 0
github.com/pravega/pravega-operator/pkg/apis/pravega/v1alpha1/zz_generated.deepcopy.go:459.36,463.3 3 0
github.com/pravega/pravega-operator/pkg/apis/pravega/v1alpha1/zz_generated.deepcopy.go:464.38,468.3 3 0
github.com/pravega/pravega-operator/pkg/apis/pravega/v1alpha1/zz_generated.deepcopy.go:469.40,473.3 3 0
github.com/pravega/pravega-operator/pkg/apis/pravega/v1alpha1/zz_generated.deepcopy.go:474.21,478.3 3 0
github.com/pravega/pravega-operator/pkg/apis/pravega/v1alpha1/zz_generated.deepcopy.go:479.35,483.3 3 0
github.com/pravega/pravega-operator/pkg/apis/pravega/v1alpha1/zz_generated.deepcopy.go:484.37,488.3 3 0
github.com/pravega/pravega-operator/pkg/apis/pravega/v1alpha1/zz_generated.deepcopy.go:489.44,492.29 3 0
github.com/pravega/pravega-operator/pkg/apis/pravega/v1alpha1/zz_generated.deepcopy.go:492.29,494.4 1 0
github.com/pravega/pravega-operator/pkg/apis/pravega/v1alpha1/zz_generated.deepcopy.go:496.46,499.29 3 0
github.com/pravega/pravega-operator/pkg/apis/pravega/v1alpha1/zz_generated.deepcopy.go:499.29,501.4 1 0
github.com/pravega/pravega-operator/pkg/apis/pravega/v1alpha1/zz_generated.deepcopy.go:507.48,508.15 1 0
github.com/pravega/pravega-operator/pkg/apis/pravega/v1alpha1/zz_generated.deepcopy.go:511.2,513.12 3 0
github.com/pravega/pravega-operator/pkg/apis/pravega/v1alpha1/zz_generated.deepcopy.go:508.15,510.3 1 0
github.com/pravega/pravega-operator/pkg/apis/pravega/v1alpha1/zz_generated.deepcopy.go:517.51,520.2 2 0
github.com/pravega/pravega-operator/pkg/apis/pravega/v1alpha1/zz_generated.deepcopy.go:523.44,524.15 1 0
github.com/pravega/pravega-operator/pkg/apis/pravega/v1alpha1/zz_generated.deepcopy.go:527.2,529.12 3 0
github.com/pravega/pravega-operator/pkg/apis/pravega/v1alpha1/zz_generated.deepcopy.go:524.15,526.3 1 0
github.com/pravega/pravega-operator/pkg/apis/pravega/v1alpha1/zz_generated.deepcopy.go:533.51,535.22 2 0
github.com/pravega/pravega-operator/pkg/apis/pravega/v1alpha1/zz_generated.deepcopy.go:540.2,540.8 1 0
github.com/pravega/pravega-operator/pkg/apis/pravega/v1alpha1/zz_generated.deepcopy.go:535.22,539.3 3 0
github.com/pravega/pravega-operator/pkg/apis/pravega/v1alpha1/zz_generated.deepcopy.go:544.44,545.15 1 0
github.com/pravega/pravega-operator/pkg/apis/pravega/v1alpha1/zz_generated.deepcopy.go:548.2,550.12 3 0
github.com/pravega/pravega-operator/pkg/apis/pravega/v1alpha1/zz_generated.deepcopy.go:545.15,547.3 1 0
github.com/pravega/pravega-operator/pkg/apis/pravega/v1alpha1/zz_generated.deepcopy.go:554.51,556.26 2 0
github.com/pravega/pravega-operator/pkg/apis/pravega/v1alpha1/zz_generated.deepcopy.go:561.2,561.19 1 0
github.com/pravega/pravega-operator/pkg/apis/pravega/v1alpha1/zz_generated.deepcopy.go:566.2,566.20 1 0
github.com/pravega/pravega-operator/pkg/apis/pravega/v1alpha1/zz_generated.deepcopy.go:571.2,571.8 1 0
github.com/pravega/pravega-operator/pkg/apis/pravega/v1alpha1/zz_generated.deepcopy.go:556.26,560.3 3 0
github.com/pravega/pravega-operator/pkg/apis/pravega/v1alpha1/zz_generated.deepcopy.go:561.19,565.3 3 0
github.com/pravega/pravega-operator/pkg/apis/pravega/v1alpha1/zz_generated.deepcopy.go:566.20,570.3 3 0
github.com/pravega/pravega-operator/pkg/apis/pravega/v1alpha1/zz_generated.deepcopy.go:575.44,576.15 1 0
github.com/pravega/pravega-operator/pkg/apis/pravega/v1alpha1/zz_generated.deepcopy.go:579.2,581.12 3 0
github.com/pravega/pravega-operator/pkg/apis/pravega/v1alpha1/zz_generated.deepcopy.go:576.15,578.3 1 0
github.com/pravega/pravega-operator/pkg/apis/pravega/v1alpha1/bookkeeper.go:92.56,93.20 1 6
github.com/pravega/pravega-operator/pkg/apis/pravega/v1alpha1/bookkeeper.go:97.2,97.28 1 6
github.com/pravega/pravega-operator/pkg/apis/pravega/v1alpha1/bookkeeper.go:101.2,101.64 1 6
github.com/pravega/pravega-operator/pkg/apis/pravega/v1alpha1/bookkeeper.go:106.2,106.22 1 6
github.com/pravega/pravega-operator/pkg/apis/pravega/v1alpha1/bookkeeper.go:110.2,110.30 1 6
github.com/pravega/pravega-operator/pkg/apis/pravega/v1alpha1/bookkeeper.go:114.2,114.27 1 6
github.com/pravega/pravega-operator/pkg/apis/pravega/v1alpha1/bookkeeper.go:120.2,120.24 1 6
github.com/pravega/pravega-operator/pkg/apis/pravega/v1alpha1/bookkeeper.go:134.2,134.22 1 6
github.com/pravega/pravega-operator/pkg/apis/pravega/v1alpha1/bookkeeper.go:138.2,138.35 1 6
github.com/pravega/pravega-operator/pkg/apis/pravega/v1alpha1/bookkeeper.go:143.2,143.43 1 6
github.com/pravega/pravega-operator/pkg/apis/pravega/v1alpha1/bookkeeper.go:147.2,147.16 1 6
github.com/pravega/pravega-operator/pkg/apis/pravega/v1alpha1/bookkeeper.go:93.20,96.3 2 6
github.com/pravega/pravega-operator/pkg/apis/pravega/v1alpha1/bookkeeper.go:97.28,99.3 1 6
github.com/pravega/pravega-operator/pkg/apis/pravega/v1alpha1/bookkeeper.go:101.64,104.3 2 6
github.com/pravega/pravega-operator/pkg/apis/pravega/v1alpha1/bookkeeper.go:106.22,109.3 2 6
github.com/pravega/pravega-operator/pkg/apis/pravega/v1alpha1/bookkeeper.go:110.30,112.3 1 6
github.com/pravega/pravega-operator/pkg/apis/pravega/v1alpha1/bookkeeper.go:114.27,118.3 3 6
github.com/pravega/pravega-operator/pkg/apis/pravega/v1alpha1/bookkeeper.go:120.24,132.3 2 6
github.com/pravega/pravega-operator/pkg/apis/pravega/v1alpha1/bookkeeper.go:134.22,136.3 1 6
github.com/pravega/pravega-operator/pkg/apis/pravega/v1alpha1/bookkeeper.go:138.35,141.3 2 6
github.com/pravega/pravega-operator/pkg/apis/pravega/v1alpha1/bookkeeper.go:143.43,145.3 1 6
github.com/pravega/pravega-operator/pkg/apis/pravega/v1alpha1/bookkeeper.go:155.61,156.24 1 6
github.com/pravega/pravega-operator/pkg/apis/pravega/v1alpha1/bookkeeper.go:161.2,163.24 2 6
github.com/pravega/pravega-operator/pkg/apis/pravega/v1alpha1/bookkeeper.go:168.2,168.16 1 6
github.com/pravega/pravega-operator/pkg/apis/pravega/v1alpha1/bookkeeper.go:156.24,159.3 2 6
github.com/pravega/pravega-operator/pkg/apis/pravega/v1alpha1/bookkeeper.go:163.24,166.3 2 6
github.com/pravega/pravega-operator/pkg/apis/pravega/v1alpha1/bookkeeper.go:178.62,179.25 1 6
github.com/pravega/pravega-operator/pkg/apis/pravega/v1alpha1/bookkeeper.go:184.2,184.21 1 6
github.com/pravega/pravega-operator/pkg/apis/pravega/v1alpha1/bookkeeper.go:189.2,189.28 1 6
github.com/pravega/pravega-operator/pkg/apis/pravega/v1alpha1/bookkeeper.go:194.2,194.24 1 6
github.com/pravega/pravega-operator/pkg/apis/pravega/v1alpha1/bookkeeper.go:199.2,199.16 1 6
github.com/pravega/pravega-operator/pkg/apis/pravega/v1alpha1/bookkeeper.go:179.25,182.3 2 6
github.com/pravega/pravega-operator/pkg/apis/pravega/v1alpha1/bookkeeper.go:184.21,187.3 2 6
github.com/pravega/pravega-operator/pkg/apis/pravega/v1alpha1/bookkeeper.go:189.28,192.3 2 6
github.com/pravega/pravega-operator/pkg/apis/pravega/v1alpha1/bookkeeper.go:194.24,197.3 2 6
github.com/pravega/pravega-operator/pkg/apis/pravega/v1alpha1/bookkeeper.go:220.63,221.40 1 6
github.com/pravega/pravega-operator/pkg/apis/pravega/v1alpha1/bookkeeper.go:233.2,233.41 1 6
github.com/pravega/pravega-operator/pkg/apis/pravega/v1alpha1/bookkeeper.go:245.2,245.39 1 6
github.com/pravega/pravega-operator/pkg/apis/pravega/v1alpha1/bookkeeper.go:257.2,257.16 1 6
github.com/pravega/pravega-operator/pkg/apis/pravega/v1alpha1/bookkeeper.go:221.40,231.3 2 6
github.com/pravega/pravega-operator/pkg/apis/pravega/v1alpha1/bookkeeper.go:233.41,243.3 2 6
github.com/pravega/pravega-operator/pkg/apis/pravega/v1alpha1/bookkeeper.go:245.39,255.3 2 6
github.com/pravega/pravega-operator/pkg/apis/pravega/v1alpha1/pravega.go:144.53,145.50 1 6
github.com/pravega/pravega-operator/pkg/apis/pravega/v1alpha1/pravega.go:150.2,150.52 1 6
github.com/pravega/pravega-operator/pkg/apis/pravega/v1alpha1/pravega.go:155.2,155.20 1 6
github.com/pravega/pravega-operator/pkg/apis/pravega/v1alpha1/pravega.go:159.2,159.28 1 6
github.com/pravega/pravega-operator/pkg/apis/pravega/v1alpha1/pravega.go:163.2,163.22 1 6
github.com/pravega/pravega-operator/pkg/apis/pravega/v1alpha1/pravega.go:168.2,168.35 1 6
github.com/pravega/pravega-operator/pkg/apis/pravega/v1alpha1/pravega.go:173.2,173.37 1 6
github.com/pravega/pravega-operator/pkg/apis/pravega/v1alpha1/pravega.go:178.2,178.39 1 6
github.com/pravega/pravega-operator/pkg/apis/pravega/v1alpha1/pravega.go:190.2,190.20 1 6
github.com/pravega/pravega-operator/pkg/apis/pravega/v1alpha1/pravega.go:195.2,195.28 1 6
github.com/pravega/pravega-operator/pkg/apis/pravega/v1alpha1/pravega.go:199.2,199.34 1 6
github.com/pravega/pravega-operator/pkg/apis/pravega/v1alpha1/pravega.go:213.2,213.36 1 6
github.com/pravega/pravega-operator/pkg/apis/pravega/v1alpha1/pravega.go:227.2,227.43 1 6
github.com/pravega/pravega-operator/pkg/apis/pravega/v1alpha1/pravega.go:232.2,232.45 1 6
github.com/pravega/pravega-operator/pkg/apis/pravega/v1alpha1/pravega.go:237.2,237.16 1 6
github.com/pravega/pravega-operator/pkg/apis/pravega/v1alpha1/pravega.go:145.50,148.3 2 6
github.com/pravega/pravega-operator/pkg/apis/pravega/v1alpha1/pravega.go:150.52,153.3 2 6
github.com/pravega/pravega-operator/pkg/apis/pravega/v1alpha1/pravega.go:155.20,158.3 2 6
github.com/pravega/pravega-operator/pkg/apis/pravega/v1alpha1/pravega.go:159.28,161.3 1 6
github.com/pravega/pravega-operator/pkg/apis/pravega/v1alpha1/pravega.go:163.22,166.3 2 6
github.com/pravega/pravega-operator/pkg/apis/pravega/v1alpha1/pravega.go:168.35,171.3 2 6
github.com/pravega/pravega-operator/pkg/apis/pravega/v1alpha1/pravega.go:173.37,176.3 2 6
github.com/pravega/pravega-operator/pkg/apis/pravega/v1alpha1/pravega.go:178.39,188.3 2 6
github.com/pravega/pravega-operator/pkg/apis/pravega/v1alpha1/pravega.go:190.20,193.3 2 6
github.com/pravega/pravega-operator/pkg/apis/pravega/v1alpha1/pravega.go:195.28,197.3 1 6
github.com/pravega/pravega-operator/pkg/apis/pravega/v1alpha1/pravega.go:199.34,211.3 2 6
github.com/pravega/pravega-operator/pkg/apis/pravega/v1alpha1/pravega.go:213.36,225.3 2 6
github.com/pravega/pravega-operator/pkg/apis/pravega/v1alpha1/pravega.go:227.43,230.3 2 6
github.com/pravega/pravega-operator/pkg/apis/pravega/v1alpha1/pravega.go:232.45,235.3 2 6
github.com/pravega/pravega-operator/pkg/apis/pravega/v1alpha1/pravega.go:245.58,246.24 1 6
github.com/pravega/pravega-operator/pkg/apis/pravega/v1alpha1/pravega.go:251.2,253.24 2 6
github.com/pravega/pravega-operator/pkg/apis/pravega/v1alpha1/pravega.go:258.2,258.16 1 6
github.com/pravega/pravega-operator/pkg/apis/pravega/v1alpha1/pravega.go:246.24,249.3 2 6
github.com/pravega/pravega-operator/pkg/apis/pravega/v1alpha1/pravega.go:253.24,256.3 2 6
github.com/pravega/pravega-operator/pkg/apis/pravega/v1alpha1/pravega.go:277.51,278.58 1 6
github.com/pravega/pravega-operator/pkg/apis/pravega/v1alpha1/pravega.go:288.2,288.16 1 6
github.com/pravega/pravega-operator/pkg/apis/pravega/v1alpha1/pravega.go:278.58,286.3 3 6
github.com/pravega/pravega-operator/pkg/apis/pravega/v1alpha1/pravegacluster_types.go:30.13,32.2 1 1
github.com/pravega/pravega-operator/pkg/apis/pravega/v1alpha1/pravegacluster_types.go:56.56,59.2 2 6
github.com/pravega/pravega-operator/pkg/apis/pravega/v1alpha1/pravegacluster_types.go:102.53,103.26 1 6
github.com/pravega/pravega-operator/pkg/apis/pravega/v1alpha1/pravegacluster_types.go:108.2,108.29 1 6
github.com/pravega/pravega-operator/pkg/apis/pravega/v1alpha1/pravegacluster_types.go:113.2,113.37 1 6
github.com/pravega/pravega-operator/pkg/apis/pravega/v1alpha1/pravegacluster_types.go:117.2,117.18 1 6
github.com/pravega/pravega-operator/pkg/apis/pravega/v1alpha1/pravegacluster_types.go:124.2,124.29 1 6
github.com/pravega/pravega-operator/pkg/apis/pravega/v1alpha1/pravegacluster_types.go:129.2,129.21 1 6
github.com/pravega/pravega-operator/pkg/apis/pravega/v1alpha1/pravegacluster_types.go:134.2,134.25 1 6
github.com/pravega/pravega-operator/pkg/apis/pravega/v1alpha1/pravegacluster_types.go:138.2,138.33 1 6
github.com/pravega/pravega-operator/pkg/apis/pravega/v1alpha1/pravegacluster_types.go:142.2,142.22 1 6
github.com/pravega/pravega-operator/pkg/apis/pravega/v1alpha1/pravegacluster_types.go:147.2,147.30 1 6
github.com/pravega/pravega-operator/pkg/apis/pravega/v1alpha1/pravegacluster_types.go:151.2,151.16 1 6
github.com/pravega/pravega-operator/pkg/apis/pravega/v1alpha1/pravegacluster_types.go:103.26,106.3 2 6
github.com/pravega/pravega-operator/pkg/apis/pravega/v1alpha1/pravegacluster_types.go:108.29,111.3 2 6
github.com/pravega/pravega-operator/pkg/apis/pravega/v1alpha1/pravegacluster_types.go:113.37,115.3 1 0
github.com/pravega/pravega-operator/pkg/apis/pravega/v1alpha1/pravegacluster_types.go:117.18,122.3 2 6
github.com/pravega/pravega-operator/pkg/apis/pravega/v1alpha1/pravegacluster_types.go:124.29,127.3 2 6
github.com/pravega/pravega-operator/pkg/apis/pravega/v1alpha1/pravegacluster_types.go:129.21,132.3 2 6
github.com/pravega/pravega-operator/pkg/apis/pravega/v1alpha1/pravegacluster_types.go:134.25,137.3 2 6
github.com/pravega/pravega-operator/pkg/apis/pravega/v1alpha1/pravegacluster_types.go:138.33,140.3 1 6
github.com/pravega/pravega-operator/pkg/apis/pravega/v1alpha1/pravegacluster_types.go:142.22,145.3 2 6
github.com/pravega/pravega-operator/pkg/apis/pravega/v1alpha1/pravegacluster_types.go:147.30,149.3 1 6
github.com/pravega/pravega-operator/pkg/apis/pravega/v1alpha1/pravegacluster_types.go:170.56,171.64 1 6
github.com/pravega/pravega-operator/pkg/apis/pravega/v1alpha1/pravegacluster_types.go:176.2,176.16 1 6
github.com/pravega/pravega-operator/pkg/apis/pravega/v1alpha1/pravegacluster_types.go:171.64,175.3 3 0
github.com/pravega/pravega-operator/pkg/apis/pravega/v1alpha1/pravegacluster_types.go:189.48,190.35 1 0
github.com/pravega/pravega-operator/pkg/apis/pravega/v1alpha1/pravegacluster_types.go:193.2,193.45 1 0
github.com/pravega/pravega-operator/pkg/apis/pravega/v1alpha1/pravegacluster_types.go:190.35,192.3 1 0
github.com/pravega/pravega-operator/pkg/apis/pravega/v1alpha1/pravegacluster_types.go:196.50,197.35 1 0
github.com/pravega/pravega-operator/pkg/apis/pravega/v1alpha1/pravegacluster_types.go:200.2,200.47 1 0
github.com/pravega/pravega-operator/pkg/apis/pravega/v1alpha1/pravegacluster_types.go:197.35,199.3 1 0
github.com/pravega/pravega-operator/pkg/apis/pravega/v1alpha1/pravegacluster_types.go:213.54,214.15 1 0
github.com/pravega/pravega-operator/pkg/apis/pravega/v1alpha1/pravegacluster_types.go:217.2,217.19 1 0
github.com/pravega/pravega-operator/pkg/apis/pravega/v1alpha1/pravegacluster_types.go:214.15,216.3 1 0
github.com/pravega/pravega-operator/pkg/controller/pravega/pravega_controller.go:26.73,49.2 3 6
github.com/pravega/pravega-operator/pkg/controller/pravega/pravega_controller.go:51.78,59.2 1 6
github.com/pravega/pravega-operator/pkg/controller/pravega/pravega_controller.go:61.67,134.55 2 6
github.com/pravega/pravega-operator/pkg/controller/pravega/pravega_controller.go:138.2,140.16 3 6
github.com/pravega/pravega-operator/pkg/controller/pravega/pravega_controller.go:134.55,136.3 1 6
github.com/pravega/pravega-operator/pkg/controller/pravega/pravega_controller.go:143.84,144.37 1 6
github.com/pravega/pravega-operator/pkg/controller/pravega/pravega_controller.go:144.37,146.3 1 6
github.com/pravega/pravega-operator/pkg/controller/pravega/pravega_controller.go:149.75,150.89 1 6
github.com/pravega/pravega-operator/pkg/controller/pravega/pravega_controller.go:150.89,153.3 1 6
github.com/pravega/pravega-operator/pkg/controller/pravega/pravega_controller.go:158.37,173.2 3 12
github.com/pravega/pravega-operator/pkg/controller/pravega/pravega_controller.go:175.71,189.76 3 6
github.com/pravega/pravega-operator/pkg/controller/pravega/pravega_controller.go:198.2,200.50 2 6
github.com/pravega/pravega-operator/pkg/controller/pravega/pravega_controller.go:204.2,229.18 4 6
github.com/pravega/pravega-operator/pkg/controller/pravega/pravega_controller.go:189.76,196.3 1 6
github.com/pravega/pravega-operator/pkg/controller/pravega/pravega_controller.go:200.50,202.3 1 6
github.com/pravega/pravega-operator/pkg/controller/pravega/pravega_controller.go:232.100,233.69 1 6
github.com/pravega/pravega-operator/pkg/controller/pravega/pravega_controller.go:239.2,239.66 1 3
github.com/pravega/pravega-operator/pkg/controller/pravega/pravega_controller.go:233.69,234.52 1 3
github.com/pravega/pravega-operator/pkg/controller/pravega/pravega_controller.go:237.3,237.49 1 3
github.com/pravega/pravega-operator/pkg/controller/pravega/pravega_controller.go:234.52,236.4 1 0
github.com/pravega/pravega-operator/pkg/controller/pravega/pravega_controller.go:242.67,245.35 3 6
github.com/pravega/pravega-operator/pkg/controller/pravega/pravega_controller.go:252.2,277.3 1 6
github.com/pravega/pravega-operator/pkg/controller/pravega/pravega_controller.go:245.35,247.65 2 6
github.com/pravega/pravega-operator/pkg/controller/pravega/pravega_controller.go:247.65,249.4 1 6
github.com/pravega/pravega-operator/pkg/controller/pravega/pravega_controller.go:280.111,298.2 2 6
github.com/pravega/pravega-operator/pkg/controller/pravega/pravega_segmentstore.go:31.90,56.2 1 9
github.com/pravega/pravega-operator/pkg/controller/pravega/pravega_segmentstore.go:58.80,66.2 1 9
github.com/pravega/pravega-operator/pkg/controller/pravega/pravega_segmentstore.go:68.68,150.57 4 9
github.com/pravega/pravega-operator/pkg/controller/pravega/pravega_segmentstore.go:154.2,158.16 3 9
github.com/pravega/pravega-operator/pkg/controller/pravega/pravega_segmentstore.go:150.57,152.3 1 9
github.com/pravega/pravega-operator/pkg/controller/pravega/pravega_segmentstore.go:161.73,175.76 3 9
github.com/pravega/pravega-operator/pkg/controller/pravega/pravega_segmentstore.go:184.2,186.50 2 9
github.com/pravega/pravega-operator/pkg/controller/pravega/pravega_segmentstore.go:189.2,200.70 4 9
github.com/pravega/pravega-operator/pkg/controller/pravega/pravega_segmentstore.go:208.2,210.35 2 9
github.com/pravega/pravega-operator/pkg/controller/pravega/pravega_segmentstore.go:214.2,214.33 1 9
github.com/pravega/pravega-operator/pkg/controller/pravega/pravega_segmentstore.go:218.2,218.59 1 9
github.com/pravega/pravega-operator/pkg/controller/pravega/pravega_segmentstore.go:222.2,233.3 1 9
github.com/pravega/pravega-operator/pkg/controller/pravega/pravega_segmentstore.go:175.76,182.3 1 9
github.com/pravega/pravega-operator/pkg/controller/pravega/pravega_segmentstore.go:186.50,188.3 1 9
github.com/pravega/pravega-operator/pkg/controller/pravega/pravega_segmentstore.go:200.70,207.3 1 27
github.com/pravega/pravega-operator/pkg/controller/pravega/pravega_segmentstore.go:210.35,212.3 1 9
github.com/pravega/pravega-operator/pkg/controller/pravega/pravega_segmentstore.go:214.33,216.3 1 3
github.com/pravega/pravega-operator/pkg/controller/pravega/pravega_segmentstore.go:218.59,220.3 1 30
github.com/pravega/pravega-operator/pkg/controller/pravega/pravega_segmentstore.go:236.96,245.2 1 9
github.com/pravega/pravega-operator/pkg/controller/pravega/pravega_segmentstore.go:247.77,248.41 1 9
github.com/pravega/pravega-operator/pkg/controller/pravega/pravega_segmentstore.go:255.2,255.34 1 6
github.com/pravega/pravega-operator/pkg/controller/pravega/pravega_segmentstore.go:266.2,266.35 1 3
github.com/pravega/pravega-operator/pkg/controller/pravega/pravega_segmentstore.go:274.2,274.32 1 0
github.com/pravega/pravega-operator/pkg/controller/pravega/pravega_segmentstore.go:248.41,253.3 1 3
github.com/pravega/pravega-operator/pkg/controller/pravega/pravega_segmentstore.go:255.34,264.3 1 3
github.com/pravega/pravega-operator/pkg/controller/pravega/pravega_segmentstore.go:266.35,272.3 1 3
github.com/pravega/pravega-operator/pkg/controller/pravega/pravega_segmentstore.go:277.117,278.34 1 9
github.com/pravega/pravega-operator/pkg/controller/pravega/pravega_segmentstore.go:289.2,289.20 1 6
github.com/pravega/pravega-operator/pkg/controller/pravega/pravega_segmentstore.go:278.34,287.3 1 3
github.com/pravega/pravega-operator/pkg/controller/pravega/pravega_segmentstore.go:292.86,294.41 1 9
github.com/pravega/pravega-operator/pkg/controller/pravega/pravega_segmentstore.go:294.41,306.3 2 3
github.com/pravega/pravega-operator/pkg/controller/pravega/pravega_segmentstore.go:309.85,310.39 1 9
github.com/pravega/pravega-operator/pkg/controller/pravega/pravega_segmentstore.go:310.39,325.3 3 9
github.com/pravega/pravega-operator/pkg/controller/pravega/pravega_segmentstore.go:328.90,351.2 1 9
github.com/pravega/pravega-operator/pkg/controller/pravega/pravega_segmentstore.go:353.92,354.71 1 3
github.com/pravega/pravega-operator/pkg/controller/pravega/pravega_segmentstore.go:360.2,360.68 1 0
github.com/pravega/pravega-operator/pkg/controller/pravega/pravega_segmentstore.go:354.71,355.52 1 3
github.com/pravega/pravega-operator/pkg/controller/pravega/pravega_segmentstore.go:358.3,358.49 1 3
github.com/pravega/pravega-operator/pkg/controller/pravega/pravega_segmentstore.go:355.52,357.4 1 0
github.com/pravega/pravega-operator/pkg/controller/pravega/pravega_segmentstore.go:363.78,364.25 1 12
github.com/pravega/pravega-operator/pkg/controller/pravega/pravega_segmentstore.go:367.2,368.36 2 12
github.com/pravega/pravega-operator/pkg/controller/pravega/pravega_segmentstore.go:371.2,371.22 1 12
github.com/pravega/pravega-operator/pkg/controller/pravega/pravega_segmentstore.go:364.25,366.3 1 0
github.com/pravega/pravega-operator/pkg/controller/pravega/pravega_segmentstore.go:368.36,370.3 1 12
github.com/pravega/pravega-operator/pkg/controller/pravega/pravega_segmentstore.go:374.97,376.22 2 12
github.com/pravega/pravega-operator/pkg/controller/pravega/pravega_segmentstore.go:384.2,384.15 1 12
github.com/pravega/pravega-operator/pkg/controller/pravega/pravega_segmentstore.go:376.22,378.37 2 12
github.com/pravega/pravega-operator/pkg/controller/pravega/pravega_segmentstore.go:378.37,380.4 1 12
github.com/pravega/pravega-operator/pkg/controller/pravega/pravega_segmentstore.go:380.9,382.4 1 0
github.com/pravega/pravega-operator/pkg/controller/pravega/pravega_segmentstore.go:387.93,393.79 4 3
github.com/pravega/pravega-operator/pkg/controller/pravega/pravega_segmentstore.go:432.2,432.17 1 3
github.com/pravega/pravega-operator/pkg/controller/pravega/pravega_segmentstore.go:393.79,398.28 4 12
github.com/pravega/pravega-operator/pkg/controller/pravega/pravega_segmentstore.go:403.3,430.24 2 12
github.com/pravega/pravega-operator/pkg/controller/pravega/pravega_segmentstore.go:398.28,401.4 2 12
github.com/pravega/pravega-operator/pkg/controller/pravega/pravega_segmentstore.go:435.113,438.66 2 9
github.com/pravega/pravega-operator/pkg/controller/pravega/pravega_segmentstore.go:444.2,459.3 1 9
github.com/pravega/pravega-operator/pkg/controller/pravega/pravega_segmentstore.go:438.66,440.3 1 3
github.com/pravega/pravega-operator/pkg/controller/pravega/pravega_segmentstore.go:440.8,442.3 1 6
github.com/pravega/pravega-operator/pkg/controller/pravega/bookie.go:32.89,54.2 1 6
github.com/pravega/pravega-operator/pkg/controller/pravega/bookie.go:56.89,81.2 1 6
github.com/pravega/pravega-operator/pkg/controller/pravega/bookie.go:83.79,91.2 1 6
github.com/pravega/pravega-operator/pkg/controller/pravega/bookie.go:93.68,172.48 2 6
github.com/pravega/pravega-operator/pkg/controller/pravega/bookie.go:176.2,176.16 1 6
github.com/pravega/pravega-operator/pkg/controller/pravega/bookie.go:172.48,174.3 1 6
github.com/pravega/pravega-operator/pkg/controller/pravega/bookie.go:179.99,200.2 1 6
github.com/pravega/pravega-operator/pkg/controller/pravega/bookie.go:202.85,212.89 2 6
github.com/pravega/pravega-operator/pkg/controller/pravega/bookie.go:220.2,247.74 7 6
github.com/pravega/pravega-operator/pkg/controller/pravega/bookie.go:251.2,262.88 2 6
github.com/pravega/pravega-operator/pkg/controller/pravega/bookie.go:268.2,268.50 1 6
github.com/pravega/pravega-operator/pkg/controller/pravega/bookie.go:275.2,275.59 1 6
github.com/pravega/pravega-operator/pkg/controller/pravega/bookie.go:280.2,290.3 1 6
github.com/pravega/pravega-operator/pkg/controller/pravega/bookie.go:212.89,219.3 1 3
github.com/pravega/pravega-operator/pkg/controller/pravega/bookie.go:247.74,249.3 1 6
github.com/pravega/pravega-operator/pkg/controller/pravega/bookie.go:262.88,266.3 1 3
github.com/pravega/pravega-operator/pkg/controller/pravega/bookie.go:268.50,273.3 2 6
github.com/pravega/pravega-operator/pkg/controller/pravega/bookie.go:275.59,278.3 2 3
github.com/pravega/pravega-operator/pkg/controller/pravega/bookie.go:293.112,311.2 2 6
github.com/pravega/pravega-operator/pkg/webhook/add_webhook.go:43.13,46.2 1 1
github.com/pravega/pravega-operator/pkg/webhook/add_webhook.go:49.44,50.38 1 0
github.com/pravega/pravega-operator/pkg/webhook/add_webhook.go:55.2,55.12 1 0
github.com/pravega/pravega-operator/pkg/webhook/add_webhook.go:50.38,51.30 1 0
github.com/pravega/pravega-operator/pkg/webhook/add_webhook.go:51.30,53.4 1 0
github.com/pravega/pravega-operator/pkg/webhook/add_webhook.go:59.37,63.16 3 0
github.com/pravega/pravega-operator/pkg/webhook/add_webhook.go:68.2,69.16 2 0
github.com/pravega/pravega-operator/pkg/webhook/add_webhook.go:74.2,77.16 3 0
github.com/pravega/pravega-operator/pkg/webhook/add_webhook.go:80.2,80.12 1 0
github.com/pravega/pravega-operator/pkg/webhook/add_webhook.go:63.16,66.3 2 0
github.com/pravega/pravega-operator/pkg/webhook/add_webhook.go:69.16,72.3 2 0
github.com/pravega/pravega-operator/pkg/webhook/add_webhook.go:77.16,79.3 1 0
github.com/pravega/pravega-operator/pkg/webhook/add_webhook.go:83.74,92.2 1 0
github.com/pravega/pravega-operator/pkg/webhook/add_webhook.go:94.69,96.16 2 0
github.com/pravega/pravega-operator/pkg/webhook/add_webhook.go:99.2,111.4 1 0
github.com/pravega/pravega-operator/pkg/webhook/add_webhook.go:96.16,98.3 1 0
github.com/pravega/pravega-operator/pkg/webhook/add_webhook.go:114.70,118.16 2 0
github.com/pravega/pravega-operator/pkg/webhook/add_webhook.go:121.2,126.16 4 0
github.com/pravega/pravega-operator/pkg/webhook/add_webhook.go:129.2,132.16 3 0
github.com/pravega/pravega-operator/pkg/webhook/add_webhook.go:137.2,138.16 2 0
github.com/pravega/pravega-operator/pkg/webhook/add_webhook.go:141.2,145.16 4 0
github.com/pravega/pravega-operator/pkg/webhook/add_webhook.go:150.2,154.16 3 0
github.com/pravega/pravega-operator/pkg/webhook/add_webhook.go:157.2,157.12 1 0
github.com/pravega/pravega-operator/pkg/webhook/add_webhook.go:118.16,120.3 1 0
github.com/pravega/pravega-operator/pkg/webhook/add_webhook.go:126.16,128.3 1 0
github.com/pravega/pravega-operator/pkg/webhook/add_webhook.go:132.16,134.3 1 0
github.com/pravega/pravega-operator/pkg/webhook/add_webhook.go:138.16,140.3 1 0
github.com/pravega/pravega-operator/pkg/webhook/add_webhook.go:145.16,147.3 1 0
github.com/pravega/pravega-operator/pkg/webhook/add_webhook.go:154.16,156.3 1 0
github.com/pravega/pravega-operator/pkg/webhook/webhook.go:58.115,62.57 3 0
github.com/pravega/pravega-operator/pkg/webhook/webhook.go:65.2,67.58 2 0
github.com/pravega/pravega-operator/pkg/webhook/webhook.go:71.2,71.61 1 0
github.com/pravega/pravega-operator/pkg/webhook/webhook.go:75.2,75.47 1 0
github.com/pravega/pravega-operator/pkg/webhook/webhook.go:62.57,64.3 1 0
github.com/pravega/pravega-operator/pkg/webhook/webhook.go:67.58,69.3 1 0
github.com/pravega/pravega-operator/pkg/webhook/webhook.go:71.61,73.3 1 0
github.com/pravega/pravega-operator/pkg/webhook/webhook.go:78.119,79.57 1 18
github.com/pravega/pravega-operator/pkg/webhook/webhook.go:84.2,84.12 1 13
github.com/pravega/pravega-operator/pkg/webhook/webhook.go:79.57,81.3 1 5
github.com/pravega/pravega-operator/pkg/webhook/webhook.go:87.118,90.26 1 18
github.com/pravega/pravega-operator/pkg/webhook/webhook.go:98.2,98.92 1 18
github.com/pravega/pravega-operator/pkg/webhook/webhook.go:101.2,101.101 1 18
github.com/pravega/pravega-operator/pkg/webhook/webhook.go:105.2,107.46 2 18
github.com/pravega/pravega-operator/pkg/webhook/webhook.go:116.2,117.16 2 16
github.com/pravega/pravega-operator/pkg/webhook/webhook.go:120.2,120.57 1 15
github.com/pravega/pravega-operator/pkg/webhook/webhook.go:125.2,131.43 4 13
github.com/pravega/pravega-operator/pkg/webhook/webhook.go:135.2,137.62 2 13
github.com/pravega/pravega-operator/pkg/webhook/webhook.go:142.2,143.16 2 2
github.com/pravega/pravega-operator/pkg/webhook/webhook.go:147.2,148.9 2 2
github.com/pravega/pravega-operator/pkg/webhook/webhook.go:152.2,152.60 1 2
github.com/pravega/pravega-operator/pkg/webhook/webhook.go:155.2,155.12 1 1
github.com/pravega/pravega-operator/pkg/webhook/webhook.go:90.26,91.93 1 5
github.com/pravega/pravega-operator/pkg/webhook/webhook.go:91.93,93.4 1 4
github.com/pravega/pravega-operator/pkg/webhook/webhook.go:93.9,95.4 1 1
github.com/pravega/pravega-operator/pkg/webhook/webhook.go:98.92,100.3 1 6
github.com/pravega/pravega-operator/pkg/webhook/webhook.go:101.101,103.3 1 0
github.com/pravega/pravega-operator/pkg/webhook/webhook.go:107.46,108.50 1 2
github.com/pravega/pravega-operator/pkg/webhook/webhook.go:111.3,111.13 1 1
github.com/pravega/pravega-operator/pkg/webhook/webhook.go:108.50,110.4 1 1
github.com/pravega/pravega-operator/pkg/webhook/webhook.go:117.16,119.3 1 1
github.com/pravega/pravega-operator/pkg/webhook/webhook.go:120.57,122.3 1 2
github.com/pravega/pravega-operator/pkg/webhook/webhook.go:131.43,133.3 1 0
github.com/pravega/pravega-operator/pkg/webhook/webhook.go:137.62,139.3 1 11
github.com/pravega/pravega-operator/pkg/webhook/webhook.go:143.16,146.3 1 0
github.com/pravega/pravega-operator/pkg/webhook/webhook.go:148.9,151.3 1 0
github.com/pravega/pravega-operator/pkg/webhook/webhook.go:152.60,154.3 1 1
github.com/pravega/pravega-operator/pkg/webhook/webhook.go:158.116,165.16 4 5
github.com/pravega/pravega-operator/pkg/webhook/webhook.go:172.2,172.46 1 5
github.com/pravega/pravega-operator/pkg/webhook/webhook.go:179.2,179.45 1 4
github.com/pravega/pravega-operator/pkg/webhook/webhook.go:186.2,186.83 1 3
github.com/pravega/pravega-operator/pkg/webhook/webhook.go:190.2,190.12 1 2
github.com/pravega/pravega-operator/pkg/webhook/webhook.go:165.16,166.29 1 0
github.com/pravega/pravega-operator/pkg/webhook/webhook.go:169.3,169.73 1 0
github.com/pravega/pravega-operator/pkg/webhook/webhook.go:166.29,168.4 1 0
github.com/pravega/pravega-operator/pkg/webhook/webhook.go:172.46,174.92 1 1
github.com/pravega/pravega-operator/pkg/webhook/webhook.go:174.92,176.4 1 1
github.com/pravega/pravega-operator/pkg/webhook/webhook.go:179.45,181.43 1 1
github.com/pravega/pravega-operator/pkg/webhook/webhook.go:181.43,183.4 1 1
github.com/pravega/pravega-operator/pkg/webhook/webhook.go:186.83,188.3 1 1
github.com/pravega/pravega-operator/pkg/webhook/webhook.go:197.71,200.2 2 0
github.com/pravega/pravega-operator/pkg/webhook/webhook.go:206.81,209.2 2 0
github.com/pravega/pravega-operator/pkg/webhook/webhook.go:215.73,218.2 2 0
github.com/pravega/pravega-operator/pkg/controller/pravegacluster/upgrade.go:37.101,38.15 1 230
github.com/pravega/pravega-operator/pkg/controller/pravegacluster/upgrade.go:43.2,43.56 1 230
github.com/pravega/pravega-operator/pkg/controller/pravegacluster/upgrade.go:47.2,50.29 3 168
github.com/pravega/pravega-operator/pkg/controller/pravegacluster/upgrade.go:58.2,58.53 1 22
github.com/pravega/pravega-operator/pkg/controller/pravegacluster/upgrade.go:95.2,95.47 1 16
github.com/pravega/pravega-operator/pkg/controller/pravegacluster/upgrade.go:100.2,100.48 1 10
github.com/pravega/pravega-operator/pkg/controller/pravegacluster/upgrade.go:113.2,119.12 4 10
github.com/pravega/pravega-operator/pkg/controller/pravegacluster/upgrade.go:38.15,40.3 1 230
github.com/pravega/pravega-operator/pkg/controller/pravegacluster/upgrade.go:43.56,45.3 1 62
github.com/pravega/pravega-operator/pkg/controller/pravegacluster/upgrade.go:50.29,56.3 3 146
github.com/pravega/pravega-operator/pkg/controller/pravegacluster/upgrade.go:58.53,60.35 1 6
github.com/pravega/pravega-operator/pkg/controller/pravegacluster/upgrade.go:65.3,65.56 1 6
github.com/pravega/pravega-operator/pkg/controller/pravegacluster/upgrade.go:70.3,71.17 2 6
github.com/pravega/pravega-operator/pkg/controller/pravegacluster/upgrade.go:85.3,85.20 1 6
github.com/pravega/pravega-operator/pkg/controller/pravegacluster/upgrade.go:91.3,91.13 1 6
github.com/pravega/pravega-operator/pkg/controller/pravegacluster/upgrade.go:60.35,63.4 2 0
github.com/pravega/pravega-operator/pkg/controller/pravegacluster/upgrade.go:65.56,68.4 2 0
github.com/pravega/pravega-operator/pkg/controller/pravegacluster/upgrade.go:71.17,78.21 6 0
github.com/pravega/pravega-operator/pkg/controller/pravegacluster/upgrade.go:81.4,82.14 2 0
github.com/pravega/pravega-operator/pkg/controller/pravegacluster/upgrade.go:78.21,80.5 1 0
github.com/pravega/pravega-operator/pkg/controller/pravegacluster/upgrade.go:85.20,90.4 3 0
github.com/pravega/pravega-operator/pkg/controller/pravegacluster/upgrade.go:95.47,98.3 1 6
github.com/pravega/pravega-operator/pkg/controller/pravegacluster/upgrade.go:100.48,102.77 1 10
github.com/pravega/pravega-operator/pkg/controller/pravegacluster/upgrade.go:102.77,106.4 3 0
github.com/pravega/pravega-operator/pkg/controller/pravegacluster/upgrade.go:107.8,110.3 1 0
github.com/pravega/pravega-operator/pkg/controller/pravegacluster/upgrade.go:122.101,129.59 4 0
github.com/pravega/pravega-operator/pkg/controller/pravegacluster/upgrade.go:133.2,134.12 2 0
github.com/pravega/pravega-operator/pkg/controller/pravegacluster/upgrade.go:129.59,131.3 1 0
github.com/pravega/pravega-operator/pkg/controller/pravegacluster/upgrade.go:137.121,138.15 1 62
github.com/pravega/pravega-operator/pkg/controller/pravegacluster/upgrade.go:141.2,142.82 2 62
github.com/pravega/pravega-operator/pkg/controller/pravegacluster/upgrade.go:157.2,158.16 2 44
github.com/pravega/pravega-operator/pkg/controller/pravegacluster/upgrade.go:174.2,174.19 1 44
github.com/pravega/pravega-operator/pkg/controller/pravegacluster/upgrade.go:183.2,183.12 1 44
github.com/pravega/pravega-operator/pkg/controller/pravegacluster/upgrade.go:138.15,140.3 1 62
github.com/pravega/pravega-operator/pkg/controller/pravegacluster/upgrade.go:142.82,149.23 5 18
github.com/pravega/pravega-operator/pkg/controller/pravegacluster/upgrade.go:154.3,154.13 1 18
github.com/pravega/pravega-operator/pkg/controller/pravegacluster/upgrade.go:149.23,153.4 3 0
github.com/pravega/pravega-operator/pkg/controller/pravegacluster/upgrade.go:158.16,165.20 5 0
github.com/pravega/pravega-operator/pkg/controller/pravegacluster/upgrade.go:168.3,171.13 3 0
github.com/pravega/pravega-operator/pkg/controller/pravegacluster/upgrade.go:165.20,167.4 1 0
github.com/pravega/pravega-operator/pkg/controller/pravegacluster/upgrade.go:174.19,181.3 4 8
github.com/pravega/pravega-operator/pkg/controller/pravegacluster/upgrade.go:186.102,194.59 5 8
github.com/pravega/pravega-operator/pkg/controller/pravegacluster/upgrade.go:198.2,199.12 2 8
github.com/pravega/pravega-operator/pkg/controller/pravegacluster/upgrade.go:194.59,196.3 1 0
github.com/pravega/pravega-operator/pkg/controller/pravegacluster/upgrade.go:202.117,218.41 2 50
github.com/pravega/pravega-operator/pkg/controller/pravegacluster/upgrade.go:237.2,238.18 2 8
github.com/pravega/pravega-operator/pkg/controller/pravegacluster/upgrade.go:218.41,221.36 2 44
github.com/pravega/pravega-operator/pkg/controller/pravegacluster/upgrade.go:221.36,225.15 4 92
github.com/pravega/pravega-operator/pkg/controller/pravegacluster/upgrade.go:225.15,227.5 1 36
github.com/pravega/pravega-operator/pkg/controller/pravegacluster/upgrade.go:229.8,230.48 1 6
github.com/pravega/pravega-operator/pkg/controller/pravegacluster/upgrade.go:230.48,232.15 2 12
github.com/pravega/pravega-operator/pkg/controller/pravegacluster/upgrade.go:232.15,234.5 1 6
github.com/pravega/pravega-operator/pkg/controller/pravegacluster/upgrade.go:241.144,243.16 2 104
github.com/pravega/pravega-operator/pkg/controller/pravegacluster/upgrade.go:247.2,247.21 1 104
github.com/pravega/pravega-operator/pkg/controller/pravegacluster/upgrade.go:252.2,253.18 2 62
github.com/pravega/pravega-operator/pkg/controller/pravegacluster/upgrade.go:243.16,245.3 1 0
github.com/pravega/pravega-operator/pkg/controller/pravegacluster/upgrade.go:247.21,251.3 1 42
github.com/pravega/pravega-operator/pkg/controller/pravegacluster/upgrade.go:256.117,260.16 4 46
github.com/pravega/pravega-operator/pkg/controller/pravegacluster/upgrade.go:264.2,265.16 2 46
github.com/pravega/pravega-operator/pkg/controller/pravegacluster/upgrade.go:269.2,269.66 1 46
github.com/pravega/pravega-operator/pkg/controller/pravegacluster/upgrade.go:293.2,298.64 2 30
github.com/pravega/pravega-operator/pkg/controller/pravegacluster/upgrade.go:322.2,322.18 1 30
github.com/pravega/pravega-operator/pkg/controller/pravegacluster/upgrade.go:260.16,262.3 1 0
github.com/pravega/pravega-operator/pkg/controller/pravegacluster/upgrade.go:265.16,267.3 1 0
github.com/pravega/pravega-operator/pkg/controller/pravegacluster/upgrade.go:269.66,279.17 6 16
github.com/pravega/pravega-operator/pkg/controller/pravegacluster/upgrade.go:283.3,285.17 3 16
github.com/pravega/pravega-operator/pkg/controller/pravegacluster/upgrade.go:289.3,289.20 1 16
github.com/pravega/pravega-operator/pkg/controller/pravegacluster/upgrade.go:279.17,281.4 1 0
github.com/pravega/pravega-operator/pkg/controller/pravegacluster/upgrade.go:285.17,287.4 1 0
github.com/pravega/pravega-operator/pkg/controller/pravegacluster/upgrade.go:298.64,300.46 1 0
github.com/pravega/pravega-operator/pkg/controller/pravegacluster/upgrade.go:308.3,309.17 2 0
github.com/pravega/pravega-operator/pkg/controller/pravegacluster/upgrade.go:312.3,313.17 2 0
github.com/pravega/pravega-operator/pkg/controller/pravegacluster/upgrade.go:318.3,318.20 1 0
github.com/pravega/pravega-operator/pkg/controller/pravegacluster/upgrade.go:300.46,302.81 1 0
github.com/pravega/pravega-operator/pkg/controller/pravegacluster/upgrade.go:302.81,305.5 1 0
github.com/pravega/pravega-operator/pkg/controller/pravegacluster/upgrade.go:309.17,311.4 1 0
github.com/pravega/pravega-operator/pkg/controller/pravegacluster/upgrade.go:313.17,316.4 1 0
github.com/pravega/pravega-operator/pkg/controller/pravegacluster/upgrade.go:325.119,330.16 4 34
github.com/pravega/pravega-operator/pkg/controller/pravegacluster/upgrade.go:334.2,335.16 2 34
github.com/pravega/pravega-operator/pkg/controller/pravegacluster/upgrade.go:339.2,339.63 1 34
github.com/pravega/pravega-operator/pkg/controller/pravegacluster/upgrade.go:363.2,367.58 2 20
github.com/pravega/pravega-operator/pkg/controller/pravegacluster/upgrade.go:373.2,374.16 2 0
github.com/pravega/pravega-operator/pkg/controller/pravegacluster/upgrade.go:379.2,380.16 2 0
github.com/pravega/pravega-operator/pkg/controller/pravegacluster/upgrade.go:383.2,384.16 2 0
github.com/pravega/pravega-operator/pkg/controller/pravegacluster/upgrade.go:389.2,389.11 1 0
github.com/pravega/pravega-operator/pkg/controller/pravegacluster/upgrade.go:408.2,408.19 1 0
github.com/pravega/pravega-operator/pkg/controller/pravegacluster/upgrade.go:330.16,332.3 1 0
github.com/pravega/pravega-operator/pkg/controller/pravegacluster/upgrade.go:335.16,337.3 1 0
github.com/pravega/pravega-operator/pkg/controller/pravegacluster/upgrade.go:339.63,348.17 6 14
github.com/pravega/pravega-operator/pkg/controller/pravegacluster/upgrade.go:352.3,354.17 3 14
github.com/pravega/pravega-operator/pkg/controller/pravegacluster/upgrade.go:359.3,359.20 1 14
github.com/pravega/pravega-operator/pkg/controller/pravegacluster/upgrade.go:348.17,350.4 1 0
github.com/pravega/pravega-operator/pkg/controller/pravegacluster/upgrade.go:354.17,356.4 1 0
github.com/pravega/pravega-operator/pkg/controller/pravegacluster/upgrade.go:367.58,370.3 1 20
github.com/pravega/pravega-operator/pkg/controller/pravegacluster/upgrade.go:374.16,376.3 1 0
github.com/pravega/pravega-operator/pkg/controller/pravegacluster/upgrade.go:380.16,382.3 1 0
github.com/pravega/pravega-operator/pkg/controller/pravegacluster/upgrade.go:384.16,387.3 1 0
github.com/pravega/pravega-operator/pkg/controller/pravegacluster/upgrade.go:389.11,391.17 2 0
github.com/pravega/pravega-operator/pkg/controller/pravegacluster/upgrade.go:395.3,395.17 1 0
github.com/pravega/pravega-operator/pkg/controller/pravegacluster/upgrade.go:399.3,402.17 3 0
github.com/pravega/pravega-operator/pkg/controller/pravegacluster/upgrade.go:391.17,393.4 1 0
github.com/pravega/pravega-operator/pkg/controller/pravegacluster/upgrade.go:395.17,397.4 1 0
github.com/pravega/pravega-operator/pkg/controller/pravegacluster/upgrade.go:402.17,404.4 1 0
github.com/pravega/pravega-operator/pkg/controller/pravegacluster/upgrade.go:411.117,415.16 4 24
github.com/pravega/pravega-operator/pkg/controller/pravegacluster/upgrade.go:419.2,420.16 2 24
github.com/pravega/pravega-operator/pkg/controller/pravegacluster/upgrade.go:424.2,424.63 1 24
github.com/pravega/pravega-operator/pkg/controller/pravegacluster/upgrade.go:448.2,453.58 2 12
github.com/pravega/pravega-operator/pkg/controller/pravegacluster/upgrade.go:461.2,462.16 2 0
github.com/pravega/pravega-operator/pkg/controller/pravegacluster/upgrade.go:467.2,468.16 2 0
github.com/pravega/pravega-operator/pkg/controller/pravegacluster/upgrade.go:471.2,472.16 2 0
github.com/pravega/pravega-operator/pkg/controller/pravegacluster/upgrade.go:477.2,477.11 1 0
github.com/pravega/pravega-operator/pkg/controller/pravegacluster/upgrade.go:495.2,495.19 1 0
github.com/pravega/pravega-operator/pkg/controller/pravegacluster/upgrade.go:415.16,417.3 1 0
github.com/pravega/pravega-operator/pkg/controller/pravegacluster/upgrade.go:420.16,422.3 1 0
github.com/pravega/pravega-operator/pkg/controller/pravegacluster/upgrade.go:424.63,433.17 6 12
github.com/pravega/pravega-operator/pkg/controller/pravegacluster/upgrade.go:437.3,439.17 3 12
github.com/pravega/pravega-operator/pkg/controller/pravegacluster/upgrade.go:444.3,444.20 1 12
github.com/pravega/pravega-operator/pkg/controller/pravegacluster/upgrade.go:433.17,435.4 1 0
github.com/pravega/pravega-operator/pkg/controller/pravegacluster/upgrade.go:439.17,441.4 1 0
github.com/pravega/pravega-operator/pkg/controller/pravegacluster/upgrade.go:453.58,456.3 1 12
github.com/pravega/pravega-operator/pkg/controller/pravegacluster/upgrade.go:462.16,464.3 1 0
github.com/pravega/pravega-operator/pkg/controller/pravegacluster/upgrade.go:468.16,470.3 1 0
github.com/pravega/pravega-operator/pkg/controller/pravegacluster/upgrade.go:472.16,475.3 1 0
github.com/pravega/pravega-operator/pkg/controller/pravegacluster/upgrade.go:477.11,479.17 2 0
github.com/pravega/pravega-operator/pkg/controller/pravegacluster/upgrade.go:483.3,483.17 1 0
github.com/pravega/pravega-operator/pkg/controller/pravegacluster/upgrade.go:487.3,490.17 3 0
github.com/pravega/pravega-operator/pkg/controller/pravegacluster/upgrade.go:479.17,481.4 1 0
github.com/pravega/pravega-operator/pkg/controller/pravegacluster/upgrade.go:483.17,485.4 1 0
github.com/pravega/pravega-operator/pkg/controller/pravegacluster/upgrade.go:490.17,492.4 1 0
github.com/pravega/pravega-operator/pkg/controller/pravegacluster/upgrade.go:498.102,499.27 1 0
github.com/pravega/pravega-operator/pkg/controller/pravegacluster/upgrade.go:508.2,508.18 1 0
github.com/pravega/pravega-operator/pkg/controller/pravegacluster/upgrade.go:499.27,500.28 1 0
github.com/pravega/pravega-operator/pkg/controller/pravegacluster/upgrade.go:500.28,502.52 1 0
github.com/pravega/pravega-operator/pkg/controller/pravegacluster/upgrade.go:505.4,505.21 1 0
github.com/pravega/pravega-operator/pkg/controller/pravegacluster/upgrade.go:502.52,504.5 1 0
github.com/pravega/pravega-operator/pkg/controller/pravegacluster/upgrade.go:511.115,515.16 2 0
github.com/pravega/pravega-operator/pkg/controller/pravegacluster/upgrade.go:519.2,525.16 4 0
github.com/pravega/pravega-operator/pkg/controller/pravegacluster/upgrade.go:529.2,529.40 1 0
github.com/pravega/pravega-operator/pkg/controller/pravegacluster/upgrade.go:535.2,535.17 1 0
github.com/pravega/pravega-operator/pkg/controller/pravegacluster/upgrade.go:515.16,517.3 1 0
github.com/pravega/pravega-operator/pkg/controller/pravegacluster/upgrade.go:525.16,527.3 1 0
github.com/pravega/pravega-operator/pkg/controller/pravegacluster/upgrade.go:529.40,530.46 1 0
github.com/pravega/pravega-operator/pkg/controller/pravegacluster/upgrade.go:533.3,533.23 1 0
github.com/pravega/pravega-operator/pkg/controller/pravegacluster/upgrade.go:530.46,531.12 1 0
github.com/pravega/pravega-operator/pkg/controller/pravegacluster/upgrade.go:538.121,542.16 2 0
github.com/pravega/pravega-operator/pkg/controller/pravegacluster/upgrade.go:546.2,546.63 1 0
github.com/pravega/pravega-operator/pkg/controller/pravegacluster/upgrade.go:542.16,544.3 1 0
github.com/pravega/pravega-operator/pkg/controller/pravegacluster/upgrade.go:549.126,553.16 2 0
github.com/pravega/pravega-operator/pkg/controller/pravegacluster/upgrade.go:557.2,557.66 1 0
github.com/pravega/pravega-operator/pkg/controller/pravegacluster/upgrade.go:553.16,555.3 1 0
github.com/pravega/pravega-operator/pkg/controller/pravegacluster/upgrade.go:560.137,567.16 4 0
github.com/pravega/pravega-operator/pkg/controller/pravegacluster/upgrade.go:571.2,572.40 2 0
github.com/pravega/pravega-operator/pkg/controller/pravegacluster/upgrade.go:578.2,578.18 1 0
github.com/pravega/pravega-operator/pkg/controller/pravegacluster/upgrade.go:567.16,569.3 1 0
github.com/pravega/pravega-operator/pkg/controller/pravegacluster/upgrade.go:572.40,573.46 1 0
github.com/pravega/pravega-operator/pkg/controller/pravegacluster/upgrade.go:576.3,576.42 1 0
github.com/pravega/pravega-operator/pkg/controller/pravegacluster/upgrade.go:573.46,574.12 1 0
github.com/pravega/pravega-operator/pkg/controller/pravegacluster/upgrade.go:581.102,583.26 2 0
github.com/pravega/pravega-operator/pkg/controller/pravegacluster/upgrade.go:586.2,586.92 1 0
github.com/pravega/pravega-operator/pkg/controller/pravegacluster/upgrade.go:597.2,598.12 2 0
github.com/pravega/pravega-operator/pkg/controller/pravegacluster/upgrade.go:583.26,585.3 1 0
github.com/pravega/pravega-operator/pkg/controller/pravegacluster/upgrade.go:586.92,590.72 2 0
github.com/pravega/pravega-operator/pkg/controller/pravegacluster/upgrade.go:595.3,595.13 1 0
github.com/pravega/pravega-operator/pkg/controller/pravegacluster/upgrade.go:590.72,593.4 1 0
github.com/pravega/pravega-operator/pkg/controller/pravegacluster/pravegacluster_controller.go:45.37,47.2 1 0
github.com/pravega/pravega-operator/pkg/controller/pravegacluster/pravegacluster_controller.go:50.62,52.2 1 0
github.com/pravega/pravega-operator/pkg/controller/pravegacluster/pravegacluster_controller.go:55.61,58.16 2 0
github.com/pravega/pravega-operator/pkg/controller/pravegacluster/pravegacluster_controller.go:63.2,64.16 2 0
github.com/pravega/pravega-operator/pkg/controller/pravegacluster/pravegacluster_controller.go:68.2,68.12 1 0
github.com/pravega/pravega-operator/pkg/controller/pravegacluster/pravegacluster_controller.go:58.16,60.3 1 0
github.com/pravega/pravega-operator/pkg/controller/pravegacluster/pravegacluster_controller.go:64.16,66.3 1 0
github.com/pravega/pravega-operator/pkg/controller/pravegacluster/pravegacluster_controller.go:86.98,92.16 4 272
github.com/pravega/pravega-operator/pkg/controller/pravegacluster/pravegacluster_controller.go:106.2,107.13 2 272
github.com/pravega/pravega-operator/pkg/controller/pravegacluster/pravegacluster_controller.go:115.2,116.16 2 230
github.com/pravega/pravega-operator/pkg/controller/pravegacluster/pravegacluster_controller.go:121.2,121.59 1 230
github.com/pravega/pravega-operator/pkg/controller/pravegacluster/pravegacluster_controller.go:92.16,93.29 1 0
github.com/pravega/pravega-operator/pkg/controller/pravegacluster/pravegacluster_controller.go:101.3,102.33 2 0
github.com/pravega/pravega-operator/pkg/controller/pravegacluster/pravegacluster_controller.go:93.29,99.4 2 0
github.com/pravega/pravega-operator/pkg/controller/pravegacluster/pravegacluster_controller.go:107.13,109.72 2 42
github.com/pravega/pravega-operator/pkg/controller/pravegacluster/pravegacluster_controller.go:112.3,112.46 1 42
github.com/pravega/pravega-operator/pkg/controller/pravegacluster/pravegacluster_controller.go:109.72,111.4 1 0
github.com/pravega/pravega-operator/pkg/controller/pravegacluster/pravegacluster_controller.go:116.16,119.3 2 0
github.com/pravega/pravega-operator/pkg/controller/pravegacluster/pravegacluster_controller.go:124.86,127.16 2 230
github.com/pravega/pravega-operator/pkg/controller/pravegacluster/pravegacluster_controller.go:131.2,132.16 2 230
github.com/pravega/pravega-operator/pkg/controller/pravegacluster/pravegacluster_controller.go:136.2,137.16 2 230
github.com/pravega/pravega-operator/pkg/controller/pravegacluster/pravegacluster_controller.go:142.2,143.16 2 230
github.com/pravega/pravega-operator/pkg/controller/pravegacluster/pravegacluster_controller.go:148.2,149.16 2 230
github.com/pravega/pravega-operator/pkg/controller/pravegacluster/pravegacluster_controller.go:153.2,154.16 2 230
github.com/pravega/pravega-operator/pkg/controller/pravegacluster/pravegacluster_controller.go:157.2,157.12 1 230
github.com/pravega/pravega-operator/pkg/controller/pravegacluster/pravegacluster_controller.go:127.16,129.3 1 0
github.com/pravega/pravega-operator/pkg/controller/pravegacluster/pravegacluster_controller.go:132.16,134.3 1 0
github.com/pravega/pravega-operator/pkg/controller/pravegacluster/pravegacluster_controller.go:137.16,139.3 1 0
github.com/pravega/pravega-operator/pkg/controller/pravegacluster/pravegacluster_controller.go:143.16,145.3 1 0
github.com/pravega/pravega-operator/pkg/controller/pravegacluster/pravegacluster_controller.go:149.16,151.3 1 0
github.com/pravega/pravega-operator/pkg/controller/pravegacluster/pravegacluster_controller.go:154.16,156.3 1 0
github.com/pravega/pravega-operator/pkg/controller/pravegacluster/pravegacluster_controller.go:160.96,162.16 2 230
github.com/pravega/pravega-operator/pkg/controller/pravegacluster/pravegacluster_controller.go:167.2,168.16 2 230
github.com/pravega/pravega-operator/pkg/controller/pravegacluster/pravegacluster_controller.go:173.2,174.16 2 230
github.com/pravega/pravega-operator/pkg/controller/pravegacluster/pravegacluster_controller.go:179.2,179.12 1 230
github.com/pravega/pravega-operator/pkg/controller/pravegacluster/pravegacluster_controller.go:162.16,165.3 2 0
github.com/pravega/pravega-operator/pkg/controller/pravegacluster/pravegacluster_controller.go:168.16,171.3 2 0
github.com/pravega/pravega-operator/pkg/controller/pravegacluster/pravegacluster_controller.go:174.16,177.3 2 0
github.com/pravega/pravega-operator/pkg/controller/pravegacluster/pravegacluster_controller.go:182.99,187.48 4 230
github.com/pravega/pravega-operator/pkg/controller/pravegacluster/pravegacluster_controller.go:191.2,194.48 4 230
github.com/pravega/pravega-operator/pkg/controller/pravegacluster/pravegacluster_controller.go:198.2,201.48 4 230
github.com/pravega/pravega-operator/pkg/controller/pravegacluster/pravegacluster_controller.go:205.2,208.48 4 230
github.com/pravega/pravega-operator/pkg/controller/pravegacluster/pravegacluster_controller.go:212.2,212.12 1 230
github.com/pravega/pravega-operator/pkg/controller/pravegacluster/pravegacluster_controller.go:187.48,189.3 1 0
github.com/pravega/pravega-operator/pkg/controller/pravegacluster/pravegacluster_controller.go:194.48,196.3 1 0
github.com/pravega/pravega-operator/pkg/controller/pravegacluster/pravegacluster_controller.go:201.48,203.3 1 0
github.com/pravega/pravega-operator/pkg/controller/pravegacluster/pravegacluster_controller.go:208.48,210.3 1 0
github.com/pravega/pravega-operator/pkg/controller/pravegacluster/pravegacluster_controller.go:215.101,220.48 4 230
github.com/pravega/pravega-operator/pkg/controller/pravegacluster/pravegacluster_controller.go:224.2,224.35 1 230
github.com/pravega/pravega-operator/pkg/controller/pravegacluster/pravegacluster_controller.go:235.2,238.48 4 230
github.com/pravega/pravega-operator/pkg/controller/pravegacluster/pravegacluster_controller.go:242.2,245.48 4 230
github.com/pravega/pravega-operator/pkg/controller/pravegacluster/pravegacluster_controller.go:249.2,251.55 3 230
github.com/pravega/pravega-operator/pkg/controller/pravegacluster/pravegacluster_controller.go:254.2,255.48 2 230
github.com/pravega/pravega-operator/pkg/controller/pravegacluster/pravegacluster_controller.go:259.2,259.12 1 230
github.com/pravega/pravega-operator/pkg/controller/pravegacluster/pravegacluster_controller.go:220.48,222.3 1 0
github.com/pravega/pravega-operator/pkg/controller/pravegacluster/pravegacluster_controller.go:224.35,226.36 2 52
github.com/pravega/pravega-operator/pkg/controller/pravegacluster/pravegacluster_controller.go:226.36,229.50 3 144
github.com/pravega/pravega-operator/pkg/controller/pravegacluster/pravegacluster_controller.go:229.50,231.5 1 0
github.com/pravega/pravega-operator/pkg/controller/pravegacluster/pravegacluster_controller.go:238.48,240.3 1 0
github.com/pravega/pravega-operator/pkg/controller/pravegacluster/pravegacluster_controller.go:245.48,247.3 1 0
github.com/pravega/pravega-operator/pkg/controller/pravegacluster/pravegacluster_controller.go:251.55,253.3 1 230
github.com/pravega/pravega-operator/pkg/controller/pravegacluster/pravegacluster_controller.go:255.48,257.3 1 0
github.com/pravega/pravega-operator/pkg/controller/pravegacluster/pravegacluster_controller.go:262.95,267.48 4 230
github.com/pravega/pravega-operator/pkg/controller/pravegacluster/pravegacluster_controller.go:271.2,274.48 4 230
github.com/pravega/pravega-operator/pkg/controller/pravegacluster/pravegacluster_controller.go:278.2,281.48 4 230
github.com/pravega/pravega-operator/pkg/controller/pravegacluster/pravegacluster_controller.go:285.2,287.55 3 230
github.com/pravega/pravega-operator/pkg/controller/pravegacluster/pravegacluster_controller.go:290.2,291.48 2 230
github.com/pravega/pravega-operator/pkg/controller/pravegacluster/pravegacluster_controller.go:295.2,295.12 1 230
github.com/pravega/pravega-operator/pkg/controller/pravegacluster/pravegacluster_controller.go:267.48,269.3 1 0
github.com/pravega/pravega-operator/pkg/controller/pravegacluster/pravegacluster_controller.go:274.48,276.3 1 0
github.com/pravega/pravega-operator/pkg/controller/pravegacluster/pravegacluster_controller.go:281.48,283.3 1 0
github.com/pravega/pravega-operator/pkg/controller/pravegacluster/pravegacluster_controller.go:287.55,289.3 1 690
github.com/pravega/pravega-operator/pkg/controller/pravegacluster/pravegacluster_controller.go:291.48,293.3 1 0
github.com/pravega/pravega-operator/pkg/controller/pravegacluster/pravegacluster_controller.go:298.98,300.16 2 230
github.com/pravega/pravega-operator/pkg/controller/pravegacluster/pravegacluster_controller.go:304.2,305.16 2 230
github.com/pravega/pravega-operator/pkg/controller/pravegacluster/pravegacluster_controller.go:309.2,310.16 2 230
github.com/pravega/pravega-operator/pkg/controller/pravegacluster/pravegacluster_controller.go:314.2,314.12 1 230
github.com/pravega/pravega-operator/pkg/controller/pravegacluster/pravegacluster_controller.go:300.16,302.3 1 0
github.com/pravega/pravega-operator/pkg/controller/pravegacluster/pravegacluster_controller.go:305.16,307.3 1 0
github.com/pravega/pravega-operator/pkg/controller/pravegacluster/pravegacluster_controller.go:310.16,312.3 1 0
github.com/pravega/pravega-operator/pkg/controller/pravegacluster/pravegacluster_controller.go:317.97,321.16 4 230
github.com/pravega/pravega-operator/pkg/controller/pravegacluster/pravegacluster_controller.go:325.2,325.54 1 230
github.com/pravega/pravega-operator/pkg/controller/pravegacluster/pravegacluster_controller.go:337.2,337.12 1 230
github.com/pravega/pravega-operator/pkg/controller/pravegacluster/pravegacluster_controller.go:321.16,323.3 1 0
github.com/pravega/pravega-operator/pkg/controller/pravegacluster/pravegacluster_controller.go:325.54,328.17 3 0
github.com/pravega/pravega-operator/pkg/controller/pravegacluster/pravegacluster_controller.go:332.3,333.17 2 0
github.com/pravega/pravega-operator/pkg/controller/pravegacluster/pravegacluster_controller.go:328.17,330.4 1 0
github.com/pravega/pravega-operator/pkg/controller/pravegacluster/pravegacluster_controller.go:333.17,335.4 1 0
github.com/pravega/pravega-operator/pkg/controller/pravegacluster/pravegacluster_controller.go:340.103,344.16 4 230
github.com/pravega/pravega-operator/pkg/controller/pravegacluster/pravegacluster_controller.go:348.2,348.63 1 230
github.com/pravega/pravega-operator/pkg/controller/pravegacluster/pravegacluster_controller.go:371.2,371.12 1 230
github.com/pravega/pravega-operator/pkg/controller/pravegacluster/pravegacluster_controller.go:344.16,346.3 1 0
github.com/pravega/pravega-operator/pkg/controller/pravegacluster/pravegacluster_controller.go:348.63,350.63 2 6
github.com/pravega/pravega-operator/pkg/controller/pravegacluster/pravegacluster_controller.go:353.3,355.17 3 6
github.com/pravega/pravega-operator/pkg/controller/pravegacluster/pravegacluster_controller.go:359.3,360.17 2 6
github.com/pravega/pravega-operator/pkg/controller/pravegacluster/pravegacluster_controller.go:364.3,364.53 1 6
github.com/pravega/pravega-operator/pkg/controller/pravegacluster/pravegacluster_controller.go:350.63,352.4 1 6
github.com/pravega/pravega-operator/pkg/controller/pravegacluster/pravegacluster_controller.go:355.17,357.4 1 0
github.com/pravega/pravega-operator/pkg/controller/pravegacluster/pravegacluster_controller.go:360.17,362.4 1 0
github.com/pravega/pravega-operator/pkg/controller/pravegacluster/pravegacluster_controller.go:364.53,366.18 2 6
github.com/pravega/pravega-operator/pkg/controller/pravegacluster/pravegacluster_controller.go:366.18,368.5 1 0
github.com/pravega/pravega-operator/pkg/controller/pravegacluster/pravegacluster_controller.go:374.101,378.16 4 230
github.com/pravega/pravega-operator/pkg/controller/pravegacluster/pravegacluster_controller.go:382.2,382.64 1 230
github.com/pravega/pravega-operator/pkg/controller/pravegacluster/pravegacluster_controller.go:389.2,389.12 1 230
github.com/pravega/pravega-operator/pkg/controller/pravegacluster/pravegacluster_controller.go:378.16,380.3 1 0
github.com/pravega/pravega-operator/pkg/controller/pravegacluster/pravegacluster_controller.go:382.64,385.17 3 0
github.com/pravega/pravega-operator/pkg/controller/pravegacluster/pravegacluster_controller.go:385.17,387.4 1 0
github.com/pravega/pravega-operator/pkg/controller/pravegacluster/pravegacluster_controller.go:392.102,393.34 1 230
github.com/pravega/pravega-operator/pkg/controller/pravegacluster/pravegacluster_controller.go:411.2,411.12 1 230
github.com/pravega/pravega-operator/pkg/controller/pravegacluster/pravegacluster_controller.go:393.34,394.70 1 230
github.com/pravega/pravega-operator/pkg/controller/pravegacluster/pravegacluster_controller.go:394.70,396.60 2 146
github.com/pravega/pravega-operator/pkg/controller/pravegacluster/pravegacluster_controller.go:396.60,398.5 1 0
github.com/pravega/pravega-operator/pkg/controller/pravegacluster/pravegacluster_controller.go:400.8,401.69 1 0
github.com/pravega/pravega-operator/pkg/controller/pravegacluster/pravegacluster_controller.go:401.69,403.60 2 0
github.com/pravega/pravega-operator/pkg/controller/pravegacluster/pravegacluster_controller.go:406.4,406.51 1 0
github.com/pravega/pravega-operator/pkg/controller/pravegacluster/pravegacluster_controller.go:403.60,405.5 1 0
github.com/pravega/pravega-operator/pkg/controller/pravegacluster/pravegacluster_controller.go:406.51,408.5 1 0
github.com/pravega/pravega-operator/pkg/controller/pravegacluster/pravegacluster_controller.go:414.103,415.67 1 0
github.com/pravega/pravega-operator/pkg/controller/pravegacluster/pravegacluster_controller.go:419.2,419.47 1 0
github.com/pravega/pravega-operator/pkg/controller/pravegacluster/pravegacluster_controller.go:422.2,423.12 2 0
github.com/pravega/pravega-operator/pkg/controller/pravegacluster/pravegacluster_controller.go:415.67,417.3 1 0
github.com/pravega/pravega-operator/pkg/controller/pravegacluster/pravegacluster_controller.go:419.47,421.3 1 0
github.com/pravega/pravega-operator/pkg/controller/pravegacluster/pravegacluster_controller.go:426.85,430.16 2 6
github.com/pravega/pravega-operator/pkg/controller/pravegacluster/pravegacluster_controller.go:434.2,440.16 4 6
github.com/pravega/pravega-operator/pkg/controller/pravegacluster/pravegacluster_controller.go:444.2,444.40 1 6
github.com/pravega/pravega-operator/pkg/controller/pravegacluster/pravegacluster_controller.go:459.2,459.12 1 6
github.com/pravega/pravega-operator/pkg/controller/pravegacluster/pravegacluster_controller.go:430.16,432.3 1 0
github.com/pravega/pravega-operator/pkg/controller/pravegacluster/pravegacluster_controller.go:440.16,442.3 1 0
github.com/pravega/pravega-operator/pkg/controller/pravegacluster/pravegacluster_controller.go:444.40,445.54 1 0
github.com/pravega/pravega-operator/pkg/controller/pravegacluster/pravegacluster_controller.go:445.54,454.18 3 0
github.com/pravega/pravega-operator/pkg/controller/pravegacluster/pravegacluster_controller.go:454.18,456.5 1 0
github.com/pravega/pravega-operator/pkg/controller/pravegacluster/pravegacluster_controller.go:462.98,466.16 2 6
github.com/pravega/pravega-operator/pkg/controller/pravegacluster/pravegacluster_controller.go:470.2,476.16 4 6
github.com/pravega/pravega-operator/pkg/controller/pravegacluster/pravegacluster_controller.go:480.2,480.44 1 6
github.com/pravega/pravega-operator/pkg/controller/pravegacluster/pravegacluster_controller.go:495.2,495.12 1 6
github.com/pravega/pravega-operator/pkg/controller/pravegacluster/pravegacluster_controller.go:466.16,468.3 1 0
github.com/pravega/pravega-operator/pkg/controller/pravegacluster/pravegacluster_controller.go:476.16,478.3 1 0
github.com/pravega/pravega-operator/pkg/controller/pravegacluster/pravegacluster_controller.go:480.44,481.54 1 36
github.com/pravega/pravega-operator/pkg/controller/pravegacluster/pravegacluster_controller.go:481.54,490.18 3 12
github.com/pravega/pravega-operator/pkg/controller/pravegacluster/pravegacluster_controller.go:490.18,492.5 1 0
github.com/pravega/pravega-operator/pkg/controller/pravegacluster/pravegacluster_controller.go:498.99,509.16 6 230
github.com/pravega/pravega-operator/pkg/controller/pravegacluster/pravegacluster_controller.go:513.2,518.34 2 230
github.com/pravega/pravega-operator/pkg/controller/pravegacluster/pravegacluster_controller.go:526.2,526.39 1 230
github.com/pravega/pravega-operator/pkg/controller/pravegacluster/pravegacluster_controller.go:532.2,539.16 7 230
github.com/pravega/pravega-operator/pkg/controller/pravegacluster/pravegacluster_controller.go:542.2,542.12 1 230
github.com/pravega/pravega-operator/pkg/controller/pravegacluster/pravegacluster_controller.go:509.16,511.3 1 0
github.com/pravega/pravega-operator/pkg/controller/pravegacluster/pravegacluster_controller.go:518.34,519.26 1 0
github.com/pravega/pravega-operator/pkg/controller/pravegacluster/pravegacluster_controller.go:519.26,521.4 1 0
github.com/pravega/pravega-operator/pkg/controller/pravegacluster/pravegacluster_controller.go:521.9,523.4 1 0
github.com/pravega/pravega-operator/pkg/controller/pravegacluster/pravegacluster_controller.go:526.39,528.3 1 0
github.com/pravega/pravega-operator/pkg/controller/pravegacluster/pravegacluster_controller.go:528.8,530.3 1 230
github.com/pravega/pravega-operator/pkg/controller/pravegacluster/pravegacluster_controller.go:539.16,541.3 1 0
github.com/pravega/pravega-operator/pkg/controller/pravegacluster/pravegacluster_controller.go:545.98,546.30 1 230
github.com/pravega/pravega-operator/pkg/controller/pravegacluster/pravegacluster_controller.go:553.2,553.12 1 168
github.com/pravega/pravega-operator/pkg/controller/pravegacluster/pravegacluster_controller.go:546.30,552.3 3 62
github.com/pravega/pravega-operator/pkg/controller/pravegacluster/pravegacluster_controller.go:556.95,557.93 1 230
github.com/pravega/pravega-operator/pkg/controller/pravegacluster/pravegacluster_controller.go:560.2,560.14 1 168
github.com/pravega/pravega-operator/pkg/controller/pravegacluster/pravegacluster_controller.go:557.93,559.3 1 62
